<testng-results>
  <reporter-output>
  </reporter-output>
  <suite name="BAT-VC-Visor-Hudson" duration-ms="8870922" started-at="2010-08-30T13:01:02Z" finished-at="2010-08-30T15:28:53Z">
    <groups>
    </groups>
    <test name="VC::Functional::StandbyModeOps" duration-ms="1100870" started-at="2010-08-30T13:13:20Z" finished-at="2010-08-30T13:31:41Z">
      <class name="precheckins.StandbyModeOps">
        <test-method status="PASS" signature="initTest(java.lang.String)" test-instance-name="precheckins.StandbyModeOps" name="initTest" is-config="true" duration-ms="80" started-at="2010-08-30T13:13:20Z" finished-at="2010-08-30T13:13:20Z">
          <params>
            <param index="0">
              <value>
                <![CDATA[-host 10.20.59.217 -useIPMI true]]>
              </value>
            </param>
          </params>
        </test-method>
        <test-method name="preSetUp" test-instance-name="precheckins.StandbyModeOps" signature="preSetUp()" is-config="true" status="PASS" duration-ms="24" finished-at="2010-08-30T13:13:20Z" started-at="2010-08-30T13:13:20Z" depends-on-methods="com.vmware.vcqa.TestBase.initTest">
        </test-method>
        <test-method status="PASS" signature="testSetUp()" test-instance-name="precheckins.StandbyModeOps" name="testSetUp" is-config="true" duration-ms="86537" started-at="2010-08-30T13:13:20Z" finished-at="2010-08-30T13:14:46Z">
        </test-method>
        <test-method status="PASS" signature="test()" test-instance-name="precheckins.StandbyModeOps" name="test" duration-ms="987317" started-at="2010-08-30T13:14:46Z" description="Enter &amp; exit standby mode on a host inside a cluster. All vms are powered-off. Parameter evacuatePoweredOffVms is set to false." finished-at="2010-08-30T13:31:14Z">
        </test-method>
        <test-method status="PASS" signature="testCleanUp()" test-instance-name="precheckins.StandbyModeOps" name="testCleanUp" is-config="true" duration-ms="26832" started-at="2010-08-30T13:31:14Z" finished-at="2010-08-30T13:31:41Z">
        </test-method>
        <test-method status="PASS" signature="verifySysAlert()" test-instance-name="precheckins.StandbyModeOps" name="verifySysAlert" is-config="true" duration-ms="53" started-at="2010-08-30T13:31:41Z" finished-at="2010-08-30T13:31:41Z">
        </test-method>
        <test-method name="postCleanUp" test-instance-name="precheckins.StandbyModeOps" signature="postCleanUp()" is-config="true" status="PASS" duration-ms="26" finished-at="2010-08-30T13:31:41Z" started-at="2010-08-30T13:31:41Z" depends-on-methods="com.vmware.vcqa.TestBase.verifySysAlert">
        </test-method>
      </class>
    </test>
    <test name="BAT-VC-VisorVM" duration-ms="6966359" started-at="2010-08-30T13:32:47Z" finished-at="2010-08-30T15:28:53Z">
      <class name="precheckins.ClusterOps">
        <test-method status="PASS" signature="initTest(java.lang.String)" name="initTest" is-config="true" duration-ms="99" started-at="2010-08-30T13:33:14Z" finished-at="2010-08-30T13:33:14Z">
          <params>
            <param index="0">
              <value>
                <![CDATA[]]>
              </value>
            </param>
          </params>
        </test-method>
        <test-method status="PASS" signature="preSetUp()" name="preSetUp" is-config="true" duration-ms="19" started-at="2010-08-30T13:33:14Z" depends-on-methods="com.vmware.vcqa.TestBase.initTest" finished-at="2010-08-30T13:33:14Z">
        </test-method>
        <test-method status="PASS" signature="testSetUp()" name="testSetUp" is-config="true" duration-ms="1109" started-at="2010-08-30T13:33:14Z" finished-at="2010-08-30T13:33:15Z">
        </test-method>
        <test-method status="PASS" signature="test()" name="test" duration-ms="83714" started-at="2010-08-30T13:33:15Z" description="
 Move Standalone host into DRS Cluster with ResPool.
 Destroy DRS Cluster, containing the host. 
 Create new Cluster. 
 Add host into Cluster. 
 Move host into another Cluster rootPool.
 Move host back as Standalone  through enter/exit Maintenance mode)" finished-at="2010-08-30T13:34:39Z">
        </test-method>
        <test-method status="PASS" signature="testCleanUp()" name="testCleanUp" is-config="true" duration-ms="0" started-at="2010-08-30T13:34:39Z" finished-at="2010-08-30T13:34:39Z">
        </test-method>
        <test-method status="PASS" signature="verifySysAlert()" name="verifySysAlert" is-config="true" duration-ms="60" started-at="2010-08-30T13:34:39Z" finished-at="2010-08-30T13:34:39Z">
        </test-method>
        <test-method status="PASS" signature="postCleanUp()" name="postCleanUp" is-config="true" duration-ms="11" started-at="2010-08-30T13:34:39Z" depends-on-methods="com.vmware.vcqa.TestBase.verifySysAlert" finished-at="2010-08-30T13:34:39Z">
        </test-method>
      </class>
      <class name="precheckins.VMotionOps">
        <test-method status="PASS" signature="initTest(java.lang.String)" name="initTest" is-config="true" duration-ms="106" started-at="2010-08-30T15:19:51Z" finished-at="2010-08-30T15:19:51Z">
          <params>
            <param index="0">
              <value>
                <![CDATA[]]>
              </value>
            </param>
          </params>
        </test-method>
        <test-method status="PASS" signature="preSetUp()" name="preSetUp" is-config="true" duration-ms="38" started-at="2010-08-30T15:19:51Z" depends-on-methods="com.vmware.vcqa.TestBase.initTest" finished-at="2010-08-30T15:19:51Z">
        </test-method>
        <test-method status="PASS" signature="testSetUp()" name="testSetUp" is-config="true" duration-ms="800" started-at="2010-08-30T15:19:51Z" finished-at="2010-08-30T15:19:52Z">
        </test-method>
        <test-method status="PASS" signature="test()" name="test" duration-ms="200313" started-at="2010-08-30T15:19:52Z" description="
1. Relocate a powered on VM that contains multiple disks on the same datastore to a different datastore on the same host
2. Migrate a powered on VM from Standalone Host to Standalone Host
3. VMotion in a DRS Cluster by placing host into Maintenance mode.
" finished-at="2010-08-30T15:23:12Z">
        </test-method>
        <test-method status="PASS" signature="testCleanUp()" name="testCleanUp" is-config="true" duration-ms="126686" started-at="2010-08-30T15:23:12Z" finished-at="2010-08-30T15:25:19Z">
        </test-method>
        <test-method status="PASS" signature="verifySysAlert()" name="verifySysAlert" is-config="true" duration-ms="151" started-at="2010-08-30T15:25:19Z" finished-at="2010-08-30T15:25:19Z">
        </test-method>
        <test-method status="PASS" signature="postCleanUp()" name="postCleanUp" is-config="true" duration-ms="45" started-at="2010-08-30T15:25:19Z" depends-on-methods="com.vmware.vcqa.TestBase.verifySysAlert" finished-at="2010-08-30T15:25:19Z">
        </test-method>
      </class>
      <class name="precheckins.ResourcePoolOps">
        <test-method status="PASS" signature="initTest(java.lang.String)" name="initTest" is-config="true" duration-ms="129" started-at="2010-08-30T14:23:13Z" finished-at="2010-08-30T14:23:13Z">
          <params>
            <param index="0">
              <value>
                <![CDATA[]]>
              </value>
            </param>
          </params>
        </test-method>
        <test-method status="PASS" signature="preSetUp()" name="preSetUp" is-config="true" duration-ms="19" started-at="2010-08-30T14:23:13Z" depends-on-methods="com.vmware.vcqa.TestBase.initTest" finished-at="2010-08-30T14:23:13Z">
        </test-method>
        <test-method status="PASS" signature="testSetUp()" name="testSetUp" is-config="true" duration-ms="9513" started-at="2010-08-30T14:23:13Z" finished-at="2010-08-30T14:23:23Z">
        </test-method>
        <test-method status="PASS" signature="test()" name="test" duration-ms="562572" started-at="2010-08-30T14:23:23Z" description="Resource Pool Ops Precheckin Test.  Performs Below Operation 
- Creates Nested ResPool with diff Types Expandable/Fixed
- Created VM with reservation and Moves into ResPool 
- Updates ResPool to set Reservation and limit 
- Poweres on all VMs to see it succeed. 
- Destroys ResPool 
" finished-at="2010-08-30T14:32:45Z">
        </test-method>
        <test-method status="PASS" signature="testCleanUp()" name="testCleanUp" is-config="true" duration-ms="30402" started-at="2010-08-30T14:32:45Z" finished-at="2010-08-30T14:33:16Z">
        </test-method>
        <test-method status="PASS" signature="verifySysAlert()" name="verifySysAlert" is-config="true" duration-ms="63" started-at="2010-08-30T14:33:16Z" finished-at="2010-08-30T14:33:16Z">
        </test-method>
        <test-method status="PASS" signature="postCleanUp()" name="postCleanUp" is-config="true" duration-ms="32" started-at="2010-08-30T14:33:16Z" depends-on-methods="com.vmware.vcqa.TestBase.verifySysAlert" finished-at="2010-08-30T14:33:16Z">
        </test-method>
      </class>
      <class name="precheckins.FTOps">
        <test-method status="PASS" signature="initTest(java.lang.String)" name="initTest" is-config="true" duration-ms="98" started-at="2010-08-30T13:55:56Z" finished-at="2010-08-30T13:55:57Z">
          <params>
            <param index="0">
              <value>
                <![CDATA[]]>
              </value>
            </param>
          </params>
        </test-method>
        <test-method status="PASS" signature="preSetUp()" name="preSetUp" is-config="true" duration-ms="31" started-at="2010-08-30T13:55:57Z" depends-on-methods="com.vmware.vcqa.TestBase.initTest" finished-at="2010-08-30T13:55:57Z">
        </test-method>
        <test-method status="PASS" signature="testSetUp()" name="testSetUp" is-config="true" duration-ms="102965" started-at="2010-08-30T13:55:57Z" finished-at="2010-08-30T13:57:40Z">
        </test-method>
        <test-method status="FAIL" signature="test()" name="test" duration-ms="73273" started-at="2010-08-30T13:57:40Z" description="Test all FT specific API&#039;s on BAT setup. This test calls FT APIs createSecondary, disableSecondary, enableSecondary and removeSecondary on a VM in powered off state and powers on the VM after calling each of these APIs to verify FT functionality" finished-at="2010-08-30T13:58:53Z">
          <exception class="com.vmware.vcqa.util.AssertException">
            <message>
              <![CDATA[Test Failed]]>
            </message>
            <full-stacktrace>
              <![CDATA[com.vmware.vcqa.util.AssertException: Test Failed
	at com.vmware.vcqa.util.Assert.assertBoolean(Assert.java:259)
	at com.vmware.vcqa.util.Assert.assertTrue(Assert.java:57)
	at com.vmware.vcqa.util.Assert.assertTrue(Assert.java:36)
	at precheckins.FTOps.test(FTOps.java:449)
	at sun.reflect.NativeMethodAccessorImpl.invoke0(Native Method)
	at sun.reflect.NativeMethodAccessorImpl.invoke(NativeMethodAccessorImpl.java:39)
	at sun.reflect.DelegatingMethodAccessorImpl.invoke(DelegatingMethodAccessorImpl.java:25)
	at java.lang.reflect.Method.invoke(Method.java:597)
	at org.testng.internal.MethodHelper.invokeMethod(MethodHelper.java:640)
	at org.testng.internal.Invoker.invokeMethod(Invoker.java:627)
	at org.testng.internal.Invoker.invokeTestMethod(Invoker.java:798)
	at org.testng.internal.Invoker.invokeTestMethods(Invoker.java:1102)
	at org.testng.internal.TestMethodWorker.invokeTestMethods(TestMethodWorker.java:137)
	at org.testng.internal.TestMethodWorker.run(TestMethodWorker.java:121)
	at org.testng.TestRunner.runWorkers(TestRunner.java:1009)
	at org.testng.TestRunner.privateRun(TestRunner.java:683)
	at org.testng.TestRunner.run(TestRunner.java:553)
	at org.testng.SuiteRunner.runTest(SuiteRunner.java:311)
	at org.testng.SuiteRunner.runSequentially(SuiteRunner.java:306)
	at org.testng.SuiteRunner.privateRun(SuiteRunner.java:268)
	at org.testng.SuiteRunner.run(SuiteRunner.java:217)
	at org.testng.TestNG.runSuite(TestNG.java:1062)
	at org.testng.TestNG.runSuitesLocally(TestNG.java:956)
	at org.testng.TestNG.run(TestNG.java:874)
	at org.testng.TestNG.privateMain(TestNG.java:1178)
	at org.testng.TestNG.main(TestNG.java:1137)
]]>
            </full-stacktrace>
          </exception>
        </test-method>
        <test-method status="PASS" signature="testCleanUp()" name="testCleanUp" is-config="true" duration-ms="144200" started-at="2010-08-30T13:58:53Z" finished-at="2010-08-30T14:01:17Z">
        </test-method>
        <test-method status="PASS" signature="verifySysAlert()" name="verifySysAlert" is-config="true" duration-ms="68" started-at="2010-08-30T14:01:17Z" finished-at="2010-08-30T14:01:17Z">
        </test-method>
        <test-method status="PASS" signature="postCleanUp()" name="postCleanUp" is-config="true" duration-ms="21" started-at="2010-08-30T14:01:17Z" depends-on-methods="com.vmware.vcqa.TestBase.verifySysAlert" finished-at="2010-08-30T14:01:17Z">
        </test-method>
      </class>
      <class name="precheckins.ExtensibleOps">
        <test-method status="PASS" signature="initTest(java.lang.String)" name="initTest" is-config="true" duration-ms="85" started-at="2010-08-30T13:55:54Z" finished-at="2010-08-30T13:55:54Z">
          <params>
            <param index="0">
              <value>
                <![CDATA[]]>
              </value>
            </param>
          </params>
        </test-method>
        <test-method status="PASS" signature="preSetUp()" name="preSetUp" is-config="true" duration-ms="24" started-at="2010-08-30T13:55:54Z" depends-on-methods="com.vmware.vcqa.TestBase.initTest" finished-at="2010-08-30T13:55:54Z">
        </test-method>
        <test-method status="PASS" signature="test()" name="test" duration-ms="1859" started-at="2010-08-30T13:55:54Z" description="Precheckin for Extensibility.
 Register \ Update \ UnRegister Extension." finished-at="2010-08-30T13:55:56Z">
        </test-method>
        <test-method status="PASS" signature="testSetUp()" name="testSetUp" is-config="true" duration-ms="0" started-at="2010-08-30T13:55:54Z" finished-at="2010-08-30T13:55:54Z">
        </test-method>
        <test-method status="PASS" signature="testCleanUp()" name="testCleanUp" is-config="true" duration-ms="1" started-at="2010-08-30T13:55:56Z" finished-at="2010-08-30T13:55:56Z">
        </test-method>
        <test-method status="PASS" signature="verifySysAlert()" name="verifySysAlert" is-config="true" duration-ms="143" started-at="2010-08-30T13:55:56Z" finished-at="2010-08-30T13:55:56Z">
        </test-method>
        <test-method status="PASS" signature="postCleanUp()" name="postCleanUp" is-config="true" duration-ms="11" started-at="2010-08-30T13:55:56Z" depends-on-methods="com.vmware.vcqa.TestBase.verifySysAlert" finished-at="2010-08-30T13:55:56Z">
        </test-method>
      </class>
      <class name="precheckins.HotPlugOps">
        <test-method status="PASS" signature="initTest(java.lang.String)" name="initTest" is-config="true" duration-ms="86" started-at="2010-08-30T14:11:30Z" finished-at="2010-08-30T14:11:30Z">
          <params>
            <param index="0">
              <value>
                <![CDATA[]]>
              </value>
            </param>
          </params>
        </test-method>
        <test-method status="PASS" signature="preSetUp()" name="preSetUp" is-config="true" duration-ms="19" started-at="2010-08-30T14:11:30Z" depends-on-methods="com.vmware.vcqa.TestBase.initTest" finished-at="2010-08-30T14:11:30Z">
        </test-method>
        <test-method status="PASS" signature="testSetUp()" name="testSetUp" is-config="true" duration-ms="1042" started-at="2010-08-30T14:11:30Z" finished-at="2010-08-30T14:11:31Z">
        </test-method>
        <test-method status="PASS" signature="test()" name="test" duration-ms="24324" started-at="2010-08-30T14:11:31Z" description="Perform Hot Add operation for CPU and Memory." finished-at="2010-08-30T14:11:55Z">
        </test-method>
        <test-method status="PASS" signature="testCleanUp()" name="testCleanUp" is-config="true" duration-ms="11198" started-at="2010-08-30T14:11:55Z" finished-at="2010-08-30T14:12:06Z">
        </test-method>
        <test-method status="PASS" signature="verifySysAlert()" name="verifySysAlert" is-config="true" duration-ms="45" started-at="2010-08-30T14:12:06Z" finished-at="2010-08-30T14:12:06Z">
        </test-method>
        <test-method status="PASS" signature="postCleanUp()" name="postCleanUp" is-config="true" duration-ms="55" started-at="2010-08-30T14:12:06Z" depends-on-methods="com.vmware.vcqa.TestBase.verifySysAlert" finished-at="2010-08-30T14:12:06Z">
        </test-method>
      </class>
      <class name="precheckins.DVSOps">
        <test-method status="PASS" signature="initTest(java.lang.String)" name="initTest" is-config="true" duration-ms="153" started-at="2010-08-30T13:37:34Z" finished-at="2010-08-30T13:37:34Z">
          <params>
            <param index="0">
              <value>
                <![CDATA[]]>
              </value>
            </param>
          </params>
        </test-method>
        <test-method status="PASS" signature="preSetUp()" name="preSetUp" is-config="true" duration-ms="36" started-at="2010-08-30T13:37:34Z" depends-on-methods="com.vmware.vcqa.TestBase.initTest" finished-at="2010-08-30T13:37:34Z">
        </test-method>
        <test-method status="PASS" signature="testSetUp()" name="testSetUp" is-config="true" duration-ms="5261" started-at="2010-08-30T13:37:34Z" finished-at="2010-08-30T13:37:39Z">
        </test-method>
        <test-method status="PASS" signature="test()" name="test" duration-ms="284623" started-at="2010-08-30T13:37:39Z" description=" This is the precheckin test for DVS related operations. This does the 
 following basic operations on the VC. 
 1. Create a DVS while simultaneously adding the host. 
 2. Add an early binding portgroup to the DVS 
 3. Reconfigure above portgroup to be ephemeral 
 4. Attach a VM  to this ephemeral portgroup. 
 5. Verify the power ops of the VM 
 6  Add an early binding portgroup to the DVS 
 7. Reconfigure above portgroup to be dynamic 
 8. Attach a VM  to this dynamic binding portgroup. 
 9. Verify the power ops of the VM 
 10. Add a early binding portgroup to the DVS 
 11. Attach a VM to this early binding portgroup. 
 12. Verify the power ops of the VM. 
 13. Add a late binding portgroup to the DVS 
 14. Attach a VM to this late binding portgroup. 
 15. Verify the power ops of the VM. 
 16. Add a ephemeral portgroup to the DVS 
 17. Attach a VM to this ephemeral portgroup. 
 18. Verify the power ops of the VM.  
" finished-at="2010-08-30T13:42:24Z">
        </test-method>
        <test-method status="PASS" signature="testCleanUp()" name="testCleanUp" is-config="true" duration-ms="9648" started-at="2010-08-30T13:42:24Z" finished-at="2010-08-30T13:42:33Z">
        </test-method>
        <test-method status="PASS" signature="verifySysAlert()" name="verifySysAlert" is-config="true" duration-ms="89" started-at="2010-08-30T13:42:33Z" finished-at="2010-08-30T13:42:33Z">
        </test-method>
        <test-method status="PASS" signature="postCleanUp()" name="postCleanUp" is-config="true" duration-ms="17" started-at="2010-08-30T13:42:33Z" depends-on-methods="com.vmware.vcqa.TestBase.verifySysAlert" finished-at="2010-08-30T13:42:33Z">
        </test-method>
      </class>
      <class name="precheckins.NetworkOps">
        <test-method status="PASS" signature="initTest(java.lang.String)" name="initTest" is-config="true" duration-ms="138" started-at="2010-08-30T14:14:13Z" finished-at="2010-08-30T14:14:13Z">
          <params>
            <param index="0">
              <value>
                <![CDATA[]]>
              </value>
            </param>
          </params>
        </test-method>
        <test-method status="PASS" signature="preSetUp()" name="preSetUp" is-config="true" duration-ms="32" started-at="2010-08-30T14:14:13Z" depends-on-methods="com.vmware.vcqa.TestBase.initTest" finished-at="2010-08-30T14:14:13Z">
        </test-method>
        <test-method status="PASS" signature="testSetUp()" name="testSetUp" is-config="true" duration-ms="1161" started-at="2010-08-30T14:14:13Z" finished-at="2010-08-30T14:14:14Z">
        </test-method>
        <test-method status="PASS" signature="test()" name="test" duration-ms="22079" started-at="2010-08-30T14:14:14Z" description="Network system precheckin test" finished-at="2010-08-30T14:14:36Z">
        </test-method>
        <test-method status="PASS" signature="testCleanUp()" name="testCleanUp" is-config="true" duration-ms="2296" started-at="2010-08-30T14:14:36Z" finished-at="2010-08-30T14:14:39Z">
        </test-method>
        <test-method status="PASS" signature="verifySysAlert()" name="verifySysAlert" is-config="true" duration-ms="43" started-at="2010-08-30T14:14:39Z" finished-at="2010-08-30T14:14:39Z">
        </test-method>
        <test-method status="PASS" signature="postCleanUp()" name="postCleanUp" is-config="true" duration-ms="11" started-at="2010-08-30T14:14:39Z" depends-on-methods="com.vmware.vcqa.TestBase.verifySysAlert" finished-at="2010-08-30T14:14:39Z">
        </test-method>
      </class>
      <class name="precheckins.GenerateLogBundleOps">
        <test-method status="PASS" signature="initTest(java.lang.String)" name="initTest" is-config="true" duration-ms="98" started-at="2010-08-30T14:01:17Z" finished-at="2010-08-30T14:01:17Z">
          <params>
            <param index="0">
              <value>
                <![CDATA[]]>
              </value>
            </param>
          </params>
        </test-method>
        <test-method status="PASS" signature="preSetUp()" name="preSetUp" is-config="true" duration-ms="83" started-at="2010-08-30T14:01:17Z" depends-on-methods="com.vmware.vcqa.TestBase.initTest" finished-at="2010-08-30T14:01:17Z">
        </test-method>
        <test-method status="PASS" signature="testSetUp()" name="testSetUp" is-config="true" duration-ms="42" started-at="2010-08-30T14:01:17Z" finished-at="2010-08-30T14:01:17Z">
        </test-method>
        <test-method status="PASS" signature="test()" name="test" duration-ms="79821" started-at="2010-08-30T14:01:17Z" description="Generate a diagnostic bundle for given host where includeDefault=false." finished-at="2010-08-30T14:02:37Z">
        </test-method>
        <test-method status="PASS" signature="testCleanUp()" name="testCleanUp" is-config="true" duration-ms="1" started-at="2010-08-30T14:02:37Z" finished-at="2010-08-30T14:02:37Z">
        </test-method>
        <test-method status="PASS" signature="verifySysAlert()" name="verifySysAlert" is-config="true" duration-ms="62" started-at="2010-08-30T14:02:37Z" finished-at="2010-08-30T14:02:37Z">
        </test-method>
        <test-method status="PASS" signature="postCleanUp()" name="postCleanUp" is-config="true" duration-ms="10" started-at="2010-08-30T14:02:37Z" depends-on-methods="com.vmware.vcqa.TestBase.verifySysAlert" finished-at="2010-08-30T14:02:37Z">
        </test-method>
      </class>
      <class name="precheckins.HostProfiles">
        <test-method status="PASS" signature="initTest(java.lang.String)" name="initTest" is-config="true" duration-ms="108" started-at="2010-08-30T14:11:05Z" finished-at="2010-08-30T14:11:05Z">
          <params>
            <param index="0">
              <value>
                <![CDATA[]]>
              </value>
            </param>
          </params>
        </test-method>
        <test-method status="PASS" signature="preSetUp()" name="preSetUp" is-config="true" duration-ms="34" started-at="2010-08-30T14:11:05Z" depends-on-methods="com.vmware.vcqa.TestBase.initTest" finished-at="2010-08-30T14:11:05Z">
        </test-method>
        <test-method status="PASS" signature="testSetUp()" name="testSetUp" is-config="true" duration-ms="7333" started-at="2010-08-30T14:11:05Z" finished-at="2010-08-30T14:11:13Z">
        </test-method>
        <test-method status="PASS" signature="test()" name="test" duration-ms="14438" started-at="2010-08-30T14:11:13Z" description="Extract and apply a host profile from one host to another" finished-at="2010-08-30T14:11:27Z">
        </test-method>
        <test-method status="PASS" signature="testCleanUp()" name="testCleanUp" is-config="true" duration-ms="2491" started-at="2010-08-30T14:11:27Z" finished-at="2010-08-30T14:11:30Z">
        </test-method>
        <test-method status="PASS" signature="verifySysAlert()" name="verifySysAlert" is-config="true" duration-ms="97" started-at="2010-08-30T14:11:30Z" finished-at="2010-08-30T14:11:30Z">
        </test-method>
        <test-method status="PASS" signature="postCleanUp()" name="postCleanUp" is-config="true" duration-ms="11" started-at="2010-08-30T14:11:30Z" depends-on-methods="com.vmware.vcqa.TestBase.verifySysAlert" finished-at="2010-08-30T14:11:30Z">
        </test-method>
      </class>
      <class name="precheckins.EntityOps">
        <test-method status="PASS" signature="initTest(java.lang.String)" name="initTest" is-config="true" duration-ms="110" started-at="2010-08-30T13:54:56Z" finished-at="2010-08-30T13:54:57Z">
          <params>
            <param index="0">
              <value>
                <![CDATA[]]>
              </value>
            </param>
          </params>
        </test-method>
        <test-method status="PASS" signature="preSetUp()" name="preSetUp" is-config="true" duration-ms="20" started-at="2010-08-30T13:54:57Z" depends-on-methods="com.vmware.vcqa.TestBase.initTest" finished-at="2010-08-30T13:54:57Z">
        </test-method>
        <test-method status="PASS" signature="testSetUp()" name="testSetUp" is-config="true" duration-ms="940" started-at="2010-08-30T13:54:57Z" finished-at="2010-08-30T13:54:58Z">
        </test-method>
        <test-method status="PASS" signature="test()" name="test" duration-ms="8990" started-at="2010-08-30T13:54:58Z" description="Precheckin: Entity Ops:
1. Add Field Definition 
2. Rename Field Definition 
3. Set Field 
4. Set Custom Value 
5. Remove Field Definition 
6. Rename entity" finished-at="2010-08-30T13:55:07Z">
        </test-method>
        <test-method status="PASS" signature="testCleanUp()" name="testCleanUp" is-config="true" duration-ms="18" started-at="2010-08-30T13:55:07Z" finished-at="2010-08-30T13:55:07Z">
        </test-method>
        <test-method status="PASS" signature="verifySysAlert()" name="verifySysAlert" is-config="true" duration-ms="68" started-at="2010-08-30T13:55:07Z" finished-at="2010-08-30T13:55:07Z">
        </test-method>
        <test-method status="PASS" signature="postCleanUp()" name="postCleanUp" is-config="true" duration-ms="11" started-at="2010-08-30T13:55:07Z" depends-on-methods="com.vmware.vcqa.TestBase.verifySysAlert" finished-at="2010-08-30T13:55:07Z">
        </test-method>
      </class>
      <class name="precheckins.VMToolsOps">
        <test-method status="PASS" signature="initTest(java.lang.String)" name="initTest" is-config="true" duration-ms="102" started-at="2010-08-30T14:40:18Z" finished-at="2010-08-30T14:40:18Z">
          <params>
            <param index="0">
              <value>
                <![CDATA[]]>
              </value>
            </param>
          </params>
        </test-method>
        <test-method status="PASS" signature="preSetUp()" name="preSetUp" is-config="true" duration-ms="70" started-at="2010-08-30T14:40:18Z" depends-on-methods="com.vmware.vcqa.TestBase.initTest" finished-at="2010-08-30T14:40:18Z">
        </test-method>
        <test-method status="PASS" signature="testSetUp()" name="testSetUp" is-config="true" duration-ms="841" started-at="2010-08-30T14:40:18Z" finished-at="2010-08-30T14:40:19Z">
        </test-method>
        <test-method status="PASS" signature="test()" name="test" duration-ms="2371694" started-at="2010-08-30T14:40:19Z" description="VMToolsOps test verifies some VM operations which require VMTools to be running." finished-at="2010-08-30T15:19:51Z">
        </test-method>
        <test-method status="PASS" signature="testCleanUp()" name="testCleanUp" is-config="true" duration-ms="1" started-at="2010-08-30T15:19:51Z" finished-at="2010-08-30T15:19:51Z">
        </test-method>
        <test-method status="PASS" signature="verifySysAlert()" name="verifySysAlert" is-config="true" duration-ms="85" started-at="2010-08-30T15:19:51Z" finished-at="2010-08-30T15:19:51Z">
        </test-method>
        <test-method status="PASS" signature="postCleanUp()" name="postCleanUp" is-config="true" duration-ms="54" started-at="2010-08-30T15:19:51Z" depends-on-methods="com.vmware.vcqa.TestBase.verifySysAlert" finished-at="2010-08-30T15:19:51Z">
        </test-method>
      </class>
      <class name="precheckins.ProvisioningOps">
        <test-method status="PASS" signature="initTest(java.lang.String)" name="initTest" is-config="true" duration-ms="79" started-at="2010-08-30T14:14:42Z" finished-at="2010-08-30T14:14:42Z">
          <params>
            <param index="0">
              <value>
                <![CDATA[]]>
              </value>
            </param>
          </params>
        </test-method>
        <test-method status="PASS" signature="preSetUp()" name="preSetUp" is-config="true" duration-ms="24" started-at="2010-08-30T14:14:42Z" depends-on-methods="com.vmware.vcqa.TestBase.initTest" finished-at="2010-08-30T14:14:42Z">
        </test-method>
        <test-method status="PASS" signature="testSetUp()" name="testSetUp" is-config="true" duration-ms="11061" started-at="2010-08-30T14:14:42Z" finished-at="2010-08-30T14:14:53Z">
        </test-method>
        <test-method status="PASS" signature="test()" name="test" duration-ms="102225" started-at="2010-08-30T14:14:53Z" description="provisioning precheckin test" finished-at="2010-08-30T14:16:36Z">
        </test-method>
        <test-method status="PASS" signature="testCleanUp()" name="testCleanUp" is-config="true" duration-ms="6955" started-at="2010-08-30T14:16:36Z" finished-at="2010-08-30T14:16:42Z">
        </test-method>
        <test-method status="PASS" signature="verifySysAlert()" name="verifySysAlert" is-config="true" duration-ms="67" started-at="2010-08-30T14:16:42Z" finished-at="2010-08-30T14:16:43Z">
        </test-method>
        <test-method status="PASS" signature="postCleanUp()" name="postCleanUp" is-config="true" duration-ms="17" started-at="2010-08-30T14:16:43Z" depends-on-methods="com.vmware.vcqa.TestBase.verifySysAlert" finished-at="2010-08-30T14:16:43Z">
        </test-method>
      </class>
      <class name="precheckins.HADRSOps">
        <test-method status="PASS" signature="initTest(java.lang.String)" name="initTest" is-config="true" duration-ms="156" started-at="2010-08-30T14:02:37Z" finished-at="2010-08-30T14:02:37Z">
          <params>
            <param index="0">
              <value>
                <![CDATA[]]>
              </value>
            </param>
          </params>
        </test-method>
        <test-method status="PASS" signature="preSetUp()" name="preSetUp" is-config="true" duration-ms="19" started-at="2010-08-30T14:02:37Z" depends-on-methods="com.vmware.vcqa.TestBase.initTest" finished-at="2010-08-30T14:02:37Z">
        </test-method>
        <test-method status="PASS" signature="testSetUp()" name="testSetUp" is-config="true" duration-ms="12160" started-at="2010-08-30T14:02:37Z" finished-at="2010-08-30T14:02:50Z">
        </test-method>
        <test-method status="PASS" signature="test()" name="test" duration-ms="358327" started-at="2010-08-30T14:02:50Z" description="HADRS Precheckin test 
1. Create a cluster with HA(default settings) and DRS(in automatic mode) enabled.
2. Create vm-1 on host-1, move host-1into cluster and check for HA configuration on host-1.
3. Power-on vm-1. This should fail with AdmissionControlCheckFailed.
4. Turn-off the admission control and power-on vm-1.
5. Turn-on the admission control and check the cluster to be red.
6. Configure host-1 as failover host.
7. Power-off vm-1 and enter host-1 into maintenance mode.8. Move host-1 out of the cluster. This should fail as host-1 is failover host.
9. Exit host-1from maintenance mode.
10. Move host-2 into cluster and check for HA configuration.
11. Power-on vm-1 on host-1, this vm should be relocated by DRS and should be powered-on on host-2.
12. Enter host-2 into maintenance mode. This should fail with a DRS insufficient resources fault
13. Reconfigure the cluster with admission control off and enter host-2 into maintenance mode.
14. vm-1 should be migrated by DRS and the enter maintenance mode should be successful.
15. Reconfigure the cluster with admission control on and host-1 as the failover host. The powered-on vm should be migrated to host-2 
16. Power-off vm-1 and enter host-1 into maintenance mode and move the hosts out of the cluster.
17. Destroy vm-1 and the cluster.
" finished-at="2010-08-30T14:08:48Z">
        </test-method>
        <test-method status="PASS" signature="testCleanUp()" name="testCleanUp" is-config="true" duration-ms="40403" started-at="2010-08-30T14:08:48Z" finished-at="2010-08-30T14:09:28Z">
        </test-method>
        <test-method status="PASS" signature="verifySysAlert()" name="verifySysAlert" is-config="true" duration-ms="81" started-at="2010-08-30T14:09:28Z" finished-at="2010-08-30T14:09:28Z">
        </test-method>
        <test-method status="PASS" signature="postCleanUp()" name="postCleanUp" is-config="true" duration-ms="9" started-at="2010-08-30T14:09:28Z" depends-on-methods="com.vmware.vcqa.TestBase.verifySysAlert" finished-at="2010-08-30T14:09:28Z">
        </test-method>
      </class>
      <class name="precheckins.TaskOps">
        <test-method status="PASS" signature="initTest(java.lang.String)" name="initTest" is-config="true" duration-ms="100" started-at="2010-08-30T14:35:49Z" finished-at="2010-08-30T14:35:49Z">
          <params>
            <param index="0">
              <value>
                <![CDATA[]]>
              </value>
            </param>
          </params>
        </test-method>
        <test-method status="PASS" signature="preSetUp()" name="preSetUp" is-config="true" duration-ms="37" started-at="2010-08-30T14:35:49Z" depends-on-methods="com.vmware.vcqa.TestBase.initTest" finished-at="2010-08-30T14:35:49Z">
        </test-method>
        <test-method status="PASS" signature="testSetUp()" name="testSetUp" is-config="true" duration-ms="902" started-at="2010-08-30T14:35:49Z" finished-at="2010-08-30T14:35:50Z">
        </test-method>
        <test-method status="PASS" signature="test()" name="test" duration-ms="50605" started-at="2010-08-30T14:35:50Z" description="Precheckin for TaskOps.
 1. Create Schedule Task to powerOn VM.
 2. ReConfigure Schedule Task to PowerOn VM.
 3. Run Schedule Task to Power On.
 4. Create TaskCollector for VM Entity.
 5. Create TaskCollector for collectin Complete-Time.
 6. Create Task on VM.
 7. Create Task on DataCenter.
 8. Set Task State to Queued, Running, success.
 9. Update Progress of a Task." finished-at="2010-08-30T14:36:41Z">
        </test-method>
        <test-method status="PASS" signature="testCleanUp()" name="testCleanUp" is-config="true" duration-ms="0" started-at="2010-08-30T14:36:41Z" finished-at="2010-08-30T14:36:41Z">
        </test-method>
        <test-method status="PASS" signature="verifySysAlert()" name="verifySysAlert" is-config="true" duration-ms="58" started-at="2010-08-30T14:36:41Z" finished-at="2010-08-30T14:36:41Z">
        </test-method>
        <test-method status="PASS" signature="postCleanUp()" name="postCleanUp" is-config="true" duration-ms="22" started-at="2010-08-30T14:36:41Z" depends-on-methods="com.vmware.vcqa.TestBase.verifySysAlert" finished-at="2010-08-30T14:36:41Z">
        </test-method>
      </class>
      <class name="precheckins.ViewManagerOps">
        <test-method status="PASS" signature="initTest(java.lang.String)" name="initTest" is-config="true" duration-ms="131" started-at="2010-08-30T15:25:19Z" finished-at="2010-08-30T15:25:19Z">
          <params>
            <param index="0">
              <value>
                <![CDATA[]]>
              </value>
            </param>
          </params>
        </test-method>
        <test-method status="PASS" signature="preSetUp()" name="preSetUp" is-config="true" duration-ms="20" started-at="2010-08-30T15:25:19Z" depends-on-methods="com.vmware.vcqa.TestBase.initTest" finished-at="2010-08-30T15:25:19Z">
        </test-method>
        <test-method status="PASS" signature="testSetUp()" name="testSetUp" is-config="true" duration-ms="1881" started-at="2010-08-30T15:25:19Z" finished-at="2010-08-30T15:25:21Z">
        </test-method>
        <test-method status="PASS" signature="test()" name="test" duration-ms="24448" started-at="2010-08-30T15:25:21Z" description="View Manager Precheckin Test:
Step 1a: Create a root Folder container view with no filter types with recursive set to false 
Step 1b: Create a root Folder container view with no filter types with recursive set to true 
Step 2: Create ListView with all ManagedObject types:Root Folder, Datacenter, Compute resource of standalone host Cluster Compute resource, Resource pool, Host, VM, datastore and Network 
Step 3: CreateListViewFromView with a ContainerView 
Step 4: Remove a managed Entity from the List View (VM) 
Step 5: Reset a ListView with a new set of MORs 
Step 6: Reset a ListView with the set of managed entities that are in ContainerView 
Step 7: Create a inventory view 
Step 8: Open and CloseFolder on the root folder 
Step 9: Create a inventory view and then move a VM between two VM folders
Step 10: Destroy view
" finished-at="2010-08-30T15:25:45Z">
        </test-method>
        <test-method status="PASS" signature="testCleanUp()" name="testCleanUp" is-config="true" duration-ms="10231" started-at="2010-08-30T15:25:45Z" finished-at="2010-08-30T15:25:56Z">
        </test-method>
        <test-method status="PASS" signature="verifySysAlert()" name="verifySysAlert" is-config="true" duration-ms="67" started-at="2010-08-30T15:25:56Z" finished-at="2010-08-30T15:25:56Z">
        </test-method>
        <test-method status="PASS" signature="postCleanUp()" name="postCleanUp" is-config="true" duration-ms="11" started-at="2010-08-30T15:25:56Z" depends-on-methods="com.vmware.vcqa.TestBase.verifySysAlert" finished-at="2010-08-30T15:25:56Z">
        </test-method>
      </class>
      <class name="precheckins.LicensingOps">
        <test-method status="PASS" signature="initTest(java.lang.String)" name="initTest" is-config="true" duration-ms="117" started-at="2010-08-30T14:12:14Z" finished-at="2010-08-30T14:12:14Z">
          <params>
            <param index="0">
              <value>
                <![CDATA[]]>
              </value>
            </param>
          </params>
        </test-method>
        <test-method status="PASS" signature="preSetUp()" name="preSetUp" is-config="true" duration-ms="38" started-at="2010-08-30T14:12:14Z" depends-on-methods="com.vmware.vcqa.TestBase.initTest" finished-at="2010-08-30T14:12:14Z">
        </test-method>
        <test-method status="PASS" signature="testSetUp()" name="testSetUp" is-config="true" duration-ms="14295" started-at="2010-08-30T14:12:14Z" finished-at="2010-08-30T14:12:29Z">
        </test-method>
        <test-method status="PASS" signature="test()" name="test" duration-ms="45023" started-at="2010-08-30T14:12:29Z" description="* Basic Licensing Test - verify basic licensing by testing the following:
.    1. Put VC in eval Add host in eval to DRS enabled cluster. (if eval has expired use Enterprise)
	   2. Verify that eval assignments has been done successfully. 
	   3. Assign VC an enterprise license and verify the assignment 
	   4. Assign host an enterprise license and verity the assignment 
	   5. Try to downgrade the license of a host to Foundation (Assignment should fail) 
	   6. Verify that the licenses are still Enterprise which was assigned before.
	  " finished-at="2010-08-30T14:13:14Z">
        </test-method>
        <test-method status="PASS" signature="testCleanUp()" name="testCleanUp" is-config="true" duration-ms="59045" started-at="2010-08-30T14:13:14Z" finished-at="2010-08-30T14:14:13Z">
        </test-method>
        <test-method status="PASS" signature="verifySysAlert()" name="verifySysAlert" is-config="true" duration-ms="175" started-at="2010-08-30T14:14:13Z" finished-at="2010-08-30T14:14:13Z">
        </test-method>
        <test-method status="PASS" signature="postCleanUp()" name="postCleanUp" is-config="true" duration-ms="11" started-at="2010-08-30T14:14:13Z" depends-on-methods="com.vmware.vcqa.TestBase.verifySysAlert" finished-at="2010-08-30T14:14:13Z">
        </test-method>
      </class>
      <class name="precheckins.DasNetworkOps">
        <test-method status="PASS" signature="initTest(java.lang.String)" name="initTest" is-config="true" duration-ms="64" started-at="2010-08-30T13:42:33Z" finished-at="2010-08-30T13:42:33Z">
          <params>
            <param index="0">
              <value>
                <![CDATA[]]>
              </value>
            </param>
          </params>
        </test-method>
        <test-method status="PASS" signature="preSetUp()" name="preSetUp" is-config="true" duration-ms="25" started-at="2010-08-30T13:42:33Z" depends-on-methods="com.vmware.vcqa.TestBase.initTest" finished-at="2010-08-30T13:42:33Z">
        </test-method>
        <test-method status="PASS" signature="testSetUp()" name="testSetUp" is-config="true" duration-ms="137527" started-at="2010-08-30T13:42:33Z" finished-at="2010-08-30T13:44:51Z">
        </test-method>
        <test-method status="PASS" signature="test()" name="test" duration-ms="309863" started-at="2010-08-30T13:44:51Z" description="Test for functional verification of HA Network Isolation. Network Isolation response at the cluster level set to default(poweredOff)" finished-at="2010-08-30T13:50:01Z">
        </test-method>
        <test-method status="PASS" signature="testCleanUp()" name="testCleanUp" is-config="true" duration-ms="99412" started-at="2010-08-30T13:50:01Z" finished-at="2010-08-30T13:51:40Z">
        </test-method>
        <test-method status="PASS" signature="verifySysAlert()" name="verifySysAlert" is-config="true" duration-ms="69" started-at="2010-08-30T13:51:40Z" finished-at="2010-08-30T13:51:40Z">
        </test-method>
        <test-method status="PASS" signature="postCleanUp()" name="postCleanUp" is-config="true" duration-ms="12" started-at="2010-08-30T13:51:40Z" depends-on-methods="com.vmware.vcqa.TestBase.verifySysAlert" finished-at="2010-08-30T13:51:40Z">
        </test-method>
      </class>
      <class name="precheckins.DasOps">
        <test-method status="PASS" signature="initTest(java.lang.String)" name="initTest" is-config="true" duration-ms="90" started-at="2010-08-30T13:51:40Z" finished-at="2010-08-30T13:51:40Z">
          <params>
            <param index="0">
              <value>
                <![CDATA[]]>
              </value>
            </param>
          </params>
        </test-method>
        <test-method status="PASS" signature="preSetUp()" name="preSetUp" is-config="true" duration-ms="25" started-at="2010-08-30T13:51:40Z" depends-on-methods="com.vmware.vcqa.TestBase.initTest" finished-at="2010-08-30T13:51:40Z">
        </test-method>
        <test-method status="PASS" signature="testSetUp()" name="testSetUp" is-config="true" duration-ms="20082" started-at="2010-08-30T13:51:40Z" finished-at="2010-08-30T13:52:01Z">
        </test-method>
        <test-method status="PASS" signature="test()" name="test" duration-ms="157253" started-at="2010-08-30T13:52:01Z" description="DAS Pre checkin test 
1) Create DAS only cluster with one host failover and strict admission control
 2) Add a host with one VM to the cluster. Monitor dasConfig task to complete
 successfully. 3) Power on VM. This should fail with AdmissionControlCheckFailed.
4) Reconfigure cluster to disable strick AdmissionControl.
5) Power on VM. This should succeed.
6) Enter maintenance mode. This should fail because VM is powered on
7) Power off VM.
8) Move host out of DAS cluster to standalong. This should fail because host is not in maintenance mode.
9) Entermaintenace mode. Task should complete successfully
10) Move host out of DAS cluster.
11) Exit maintance mode." finished-at="2010-08-30T13:54:38Z">
        </test-method>
        <test-method status="PASS" signature="testCleanUp()" name="testCleanUp" is-config="true" duration-ms="18637" started-at="2010-08-30T13:54:38Z" finished-at="2010-08-30T13:54:56Z">
        </test-method>
        <test-method status="PASS" signature="verifySysAlert()" name="verifySysAlert" is-config="true" duration-ms="61" started-at="2010-08-30T13:54:56Z" finished-at="2010-08-30T13:54:56Z">
        </test-method>
        <test-method status="PASS" signature="postCleanUp()" name="postCleanUp" is-config="true" duration-ms="9" started-at="2010-08-30T13:54:56Z" depends-on-methods="com.vmware.vcqa.TestBase.verifySysAlert" finished-at="2010-08-30T13:54:56Z">
        </test-method>
      </class>
      <class name="precheckins.AlarmOps">
        <test-method status="PASS" signature="initTest(java.lang.String)" name="initTest" is-config="true" duration-ms="87" started-at="2010-08-30T13:32:47Z" finished-at="2010-08-30T13:32:47Z">
          <params>
            <param index="0">
              <value>
                <![CDATA[]]>
              </value>
            </param>
          </params>
        </test-method>
        <test-method status="PASS" signature="preSetUp()" name="preSetUp" is-config="true" duration-ms="56" started-at="2010-08-30T13:32:47Z" depends-on-methods="com.vmware.vcqa.TestBase.initTest" finished-at="2010-08-30T13:32:47Z">
        </test-method>
        <test-method status="PASS" signature="testSetUp()" name="testSetUp" is-config="true" duration-ms="900" started-at="2010-08-30T13:32:47Z" finished-at="2010-08-30T13:32:48Z">
        </test-method>
        <test-method status="PASS" signature="test()" name="test" duration-ms="21675" started-at="2010-08-30T13:32:48Z" description="Precheckin: Alarms Ops
1. Create alarm A1 on Host 
2. Create alarm A2 on VM power on 
3. Power on VM and get state of alarm A2 
4. Acknowledge alarm A2 
5. Reconfigure alarm A1 
6. Set action enabled on alarm 
7. Remove alarm A1 and A2" finished-at="2010-08-30T13:33:10Z">
        </test-method>
        <test-method status="PASS" signature="testCleanUp()" name="testCleanUp" is-config="true" duration-ms="4315" started-at="2010-08-30T13:33:10Z" finished-at="2010-08-30T13:33:14Z">
        </test-method>
        <test-method status="PASS" signature="verifySysAlert()" name="verifySysAlert" is-config="true" duration-ms="43" started-at="2010-08-30T13:33:14Z" finished-at="2010-08-30T13:33:14Z">
        </test-method>
        <test-method status="PASS" signature="postCleanUp()" name="postCleanUp" is-config="true" duration-ms="50" started-at="2010-08-30T13:33:14Z" depends-on-methods="com.vmware.vcqa.TestBase.verifySysAlert" finished-at="2010-08-30T13:33:14Z">
        </test-method>
      </class>
      <class name="precheckins.HostOps">
        <test-method status="PASS" signature="initTest(java.lang.String)" name="initTest" is-config="true" duration-ms="104" started-at="2010-08-30T14:09:28Z" finished-at="2010-08-30T14:09:28Z">
          <params>
            <param index="0">
              <value>
                <![CDATA[]]>
              </value>
            </param>
          </params>
        </test-method>
        <test-method status="PASS" signature="preSetUp()" name="preSetUp" is-config="true" duration-ms="25" started-at="2010-08-30T14:09:28Z" depends-on-methods="com.vmware.vcqa.TestBase.initTest" finished-at="2010-08-30T14:09:29Z">
        </test-method>
        <test-method status="PASS" signature="testSetUp()" name="testSetUp" is-config="true" duration-ms="1013" started-at="2010-08-30T14:09:29Z" finished-at="2010-08-30T14:09:30Z">
        </test-method>
        <test-method status="PASS" signature="test()" name="test" duration-ms="94852" started-at="2010-08-30T14:09:30Z" description="Precheckin: Host Ops:
1. Destroy host from inventory if the host already exists 
2. Add standalone host under DC --&gt; Folder foobar 
3. Disconnect host 
4. Reconnect Host 
5. Move host into original host folder 
6. Remove host if it was added" finished-at="2010-08-30T14:11:04Z">
        </test-method>
        <test-method status="PASS" signature="testCleanUp()" name="testCleanUp" is-config="true" duration-ms="703" started-at="2010-08-30T14:11:04Z" finished-at="2010-08-30T14:11:05Z">
        </test-method>
        <test-method status="PASS" signature="verifySysAlert()" name="verifySysAlert" is-config="true" duration-ms="77" started-at="2010-08-30T14:11:05Z" finished-at="2010-08-30T14:11:05Z">
        </test-method>
        <test-method status="PASS" signature="postCleanUp()" name="postCleanUp" is-config="true" duration-ms="22" started-at="2010-08-30T14:11:05Z" depends-on-methods="com.vmware.vcqa.TestBase.verifySysAlert" finished-at="2010-08-30T14:11:05Z">
        </test-method>
      </class>
      <class name="precheckins.EventOps">
        <test-method status="PASS" signature="initTest(java.lang.String)" name="initTest" is-config="true" duration-ms="89" started-at="2010-08-30T13:55:07Z" finished-at="2010-08-30T13:55:07Z">
          <params>
            <param index="0">
              <value>
                <![CDATA[]]>
              </value>
            </param>
          </params>
        </test-method>
        <test-method status="PASS" signature="preSetUp()" name="preSetUp" is-config="true" duration-ms="39" started-at="2010-08-30T13:55:07Z" depends-on-methods="com.vmware.vcqa.TestBase.initTest" finished-at="2010-08-30T13:55:07Z">
        </test-method>
        <test-method status="PASS" signature="testSetUp()" name="testSetUp" is-config="true" duration-ms="1119" started-at="2010-08-30T13:55:07Z" finished-at="2010-08-30T13:55:08Z">
        </test-method>
        <test-method status="PASS" signature="test()" name="test" duration-ms="41306" started-at="2010-08-30T13:55:08Z" description="Precheckin: Event Ops: 1. Log User Event 
2. Post Event (Only on VC)
3. Create collector for event 
" finished-at="2010-08-30T13:55:49Z">
        </test-method>
        <test-method status="PASS" signature="testCleanUp()" name="testCleanUp" is-config="true" duration-ms="5101" started-at="2010-08-30T13:55:49Z" finished-at="2010-08-30T13:55:54Z">
        </test-method>
        <test-method status="PASS" signature="verifySysAlert()" name="verifySysAlert" is-config="true" duration-ms="43" started-at="2010-08-30T13:55:54Z" finished-at="2010-08-30T13:55:54Z">
        </test-method>
        <test-method status="PASS" signature="postCleanUp()" name="postCleanUp" is-config="true" duration-ms="12" started-at="2010-08-30T13:55:54Z" depends-on-methods="com.vmware.vcqa.TestBase.verifySysAlert" finished-at="2010-08-30T13:55:54Z">
        </test-method>
      </class>
      <class name="precheckins.DRSOps">
        <test-method status="PASS" signature="initTest(java.lang.String)" name="initTest" is-config="true" duration-ms="167" started-at="2010-08-30T13:34:39Z" finished-at="2010-08-30T13:34:39Z">
          <params>
            <param index="0">
              <value>
                <![CDATA[]]>
              </value>
            </param>
          </params>
        </test-method>
        <test-method status="PASS" signature="preSetUp()" name="preSetUp" is-config="true" duration-ms="50" started-at="2010-08-30T13:34:39Z" depends-on-methods="com.vmware.vcqa.TestBase.initTest" finished-at="2010-08-30T13:34:39Z">
        </test-method>
        <test-method status="PASS" signature="testSetUp()" name="testSetUp" is-config="true" duration-ms="16044" started-at="2010-08-30T13:34:39Z" finished-at="2010-08-30T13:34:55Z">
        </test-method>
        <test-method status="PASS" signature="test()" name="test" duration-ms="144073" started-at="2010-08-30T13:34:55Z" description="
  1. Create cluster and set DRS to Manual mode.
  2. Move host-1 into cluster.
  3. Create 1 VM.
  4. Poweron VM in host-1.
  5. Cancel the recommendations that are generated
     for initial palcement.
  6. Call apply recommendations with the same cancel 
     recommendations ID, this throws &#039;invalid id&#039; exception as 
     recommendation are cancelled already.
  7. Try poweron VM in host-1.
  8. Now apply recommendations that are generated for intial placement.
  9. Check VM is powered on.
 10. Poweroff the VM and destroy the created VM.
 11. Move hosts out of cluster and destroy the cluster.
 12. Create VM-Host Hard Anti-Affinity Rule (VM should not power on.)
 13. Create VM-Host Hard Affinity Rule (VM should power on.)
 14. Create VM-Host Soft Anti-Affinity Rule (VM should power, with DRSFault)
 15. Create VM-Host Soft Affinity Rule (VM should power on.) 
 16. Remove the rule created above, while removing the rule, disable DRS as well and verify that the rule is deleted forever." finished-at="2010-08-30T13:37:19Z">
        </test-method>
        <test-method status="PASS" signature="testCleanUp()" name="testCleanUp" is-config="true" duration-ms="14074" started-at="2010-08-30T13:37:19Z" finished-at="2010-08-30T13:37:33Z">
        </test-method>
        <test-method status="PASS" signature="verifySysAlert()" name="verifySysAlert" is-config="true" duration-ms="71" started-at="2010-08-30T13:37:33Z" finished-at="2010-08-30T13:37:33Z">
        </test-method>
        <test-method status="PASS" signature="postCleanUp()" name="postCleanUp" is-config="true" duration-ms="26" started-at="2010-08-30T13:37:33Z" depends-on-methods="com.vmware.vcqa.TestBase.verifySysAlert" finished-at="2010-08-30T13:37:34Z">
        </test-method>
      </class>
      <class name="precheckins.VMOps">
        <test-method status="PASS" signature="initTest(java.lang.String)" name="initTest" is-config="true" duration-ms="107" started-at="2010-08-30T14:36:41Z" finished-at="2010-08-30T14:36:41Z">
          <params>
            <param index="0">
              <value>
                <![CDATA[]]>
              </value>
            </param>
          </params>
        </test-method>
        <test-method status="PASS" signature="preSetUp()" name="preSetUp" is-config="true" duration-ms="74" started-at="2010-08-30T14:36:41Z" depends-on-methods="com.vmware.vcqa.TestBase.initTest" finished-at="2010-08-30T14:36:41Z">
        </test-method>
        <test-method status="PASS" signature="testSetUp()" name="testSetUp" is-config="true" duration-ms="947" started-at="2010-08-30T14:36:41Z" finished-at="2010-08-30T14:36:42Z">
        </test-method>
        <test-method status="PASS" signature="test()" name="test" duration-ms="216039" started-at="2010-08-30T14:36:42Z" description="Run all the PowerOps" finished-at="2010-08-30T14:40:18Z">
        </test-method>
        <test-method status="PASS" signature="verifySysAlert()" name="verifySysAlert" is-config="true" duration-ms="57" started-at="2010-08-30T14:40:18Z" finished-at="2010-08-30T14:40:18Z">
        </test-method>
        <test-method status="PASS" signature="testCleanUp()" name="testCleanUp" is-config="true" duration-ms="0" started-at="2010-08-30T14:40:18Z" finished-at="2010-08-30T14:40:18Z">
        </test-method>
        <test-method status="PASS" signature="postCleanUp()" name="postCleanUp" is-config="true" duration-ms="27" started-at="2010-08-30T14:40:18Z" depends-on-methods="com.vmware.vcqa.TestBase.verifySysAlert" finished-at="2010-08-30T14:40:18Z">
        </test-method>
      </class>
      <class name="precheckins.VirtualAppOps">
        <test-method status="PASS" signature="initTest(java.lang.String)" name="initTest" is-config="true" duration-ms="77" started-at="2010-08-30T15:25:56Z" finished-at="2010-08-30T15:25:56Z">
          <params>
            <param index="0">
              <value>
                <![CDATA[]]>
              </value>
            </param>
          </params>
        </test-method>
        <test-method status="PASS" signature="preSetUp()" name="preSetUp" is-config="true" duration-ms="59" started-at="2010-08-30T15:25:56Z" depends-on-methods="com.vmware.vcqa.TestBase.initTest" finished-at="2010-08-30T15:25:56Z">
        </test-method>
        <test-method status="PASS" signature="testSetUp()" name="testSetUp" is-config="true" duration-ms="1060" started-at="2010-08-30T15:25:56Z" finished-at="2010-08-30T15:25:57Z">
        </test-method>
        <test-method status="PASS" signature="test()" name="test" duration-ms="156588" started-at="2010-08-30T15:25:57Z" description="Perform all lifecycle operations on a vApp as follows - 
1. Create a vApp and a VM under the vApp.
2. Create a child vApp under the first vApp and create a VM under the child-vApp.
3. Set the StartAction of the first VM as powerOn and StopAction as powerOff.
4. Set the StartAction of the second VM as powerOn and StopAction as suspend.
5. Power On the parent vApp.
6. Power Off the parent vApp.
7. Power On the parent vApp once again.
8. Shutdown the parent vApp.
9. Clone the parent vApp.
10. Export the parent vApp.
11. Import back the exported vApp.
12. Destroy the original vApp, cloned vApp and imported vApp.
" finished-at="2010-08-30T15:28:33Z">
        </test-method>
        <test-method status="PASS" signature="testCleanUp()" name="testCleanUp" is-config="true" duration-ms="19744" started-at="2010-08-30T15:28:33Z" finished-at="2010-08-30T15:28:53Z">
        </test-method>
        <test-method status="PASS" signature="verifySysAlert()" name="verifySysAlert" is-config="true" duration-ms="74" started-at="2010-08-30T15:28:53Z" finished-at="2010-08-30T15:28:53Z">
        </test-method>
        <test-method status="PASS" signature="postCleanUp()" name="postCleanUp" is-config="true" duration-ms="10" started-at="2010-08-30T15:28:53Z" depends-on-methods="com.vmware.vcqa.TestBase.verifySysAlert" finished-at="2010-08-30T15:28:53Z">
        </test-method>
      </class>
      <class name="precheckins.PerfOps">
        <test-method status="PASS" signature="initTest(java.lang.String)" name="initTest" is-config="true" duration-ms="134" started-at="2010-08-30T14:14:39Z" finished-at="2010-08-30T14:14:39Z">
          <params>
            <param index="0">
              <value>
                <![CDATA[]]>
              </value>
            </param>
          </params>
        </test-method>
        <test-method status="PASS" signature="preSetUp()" name="preSetUp" is-config="true" duration-ms="29" started-at="2010-08-30T14:14:39Z" depends-on-methods="com.vmware.vcqa.TestBase.initTest" finished-at="2010-08-30T14:14:39Z">
        </test-method>
        <test-method status="PASS" signature="testSetUp()" name="testSetUp" is-config="true" duration-ms="1062" started-at="2010-08-30T14:14:39Z" finished-at="2010-08-30T14:14:40Z">
        </test-method>
        <test-method status="PASS" signature="test()" name="test" duration-ms="2051" started-at="2010-08-30T14:14:40Z" description="perf precheckin test" finished-at="2010-08-30T14:14:42Z">
        </test-method>
        <test-method status="PASS" signature="testCleanUp()" name="testCleanUp" is-config="true" duration-ms="0" started-at="2010-08-30T14:14:42Z" finished-at="2010-08-30T14:14:42Z">
        </test-method>
        <test-method status="PASS" signature="verifySysAlert()" name="verifySysAlert" is-config="true" duration-ms="63" started-at="2010-08-30T14:14:42Z" finished-at="2010-08-30T14:14:42Z">
        </test-method>
        <test-method status="PASS" signature="postCleanUp()" name="postCleanUp" is-config="true" duration-ms="14" started-at="2010-08-30T14:14:42Z" depends-on-methods="com.vmware.vcqa.TestBase.verifySysAlert" finished-at="2010-08-30T14:14:42Z">
        </test-method>
      </class>
      <class name="precheckins.InventoryOps">
        <test-method status="PASS" signature="initTest(java.lang.String)" name="initTest" is-config="true" duration-ms="85" started-at="2010-08-30T14:12:06Z" finished-at="2010-08-30T14:12:07Z">
          <params>
            <param index="0">
              <value>
                <![CDATA[]]>
              </value>
            </param>
          </params>
        </test-method>
        <test-method status="PASS" signature="preSetUp()" name="preSetUp" is-config="true" duration-ms="34" started-at="2010-08-30T14:12:07Z" depends-on-methods="com.vmware.vcqa.TestBase.initTest" finished-at="2010-08-30T14:12:07Z">
        </test-method>
        <test-method status="PASS" signature="testSetUp()" name="testSetUp" is-config="true" duration-ms="1239" started-at="2010-08-30T14:12:07Z" finished-at="2010-08-30T14:12:08Z">
        </test-method>
        <test-method status="PASS" signature="test()" name="test" duration-ms="3199" started-at="2010-08-30T14:12:08Z" description="InventoryOps Precheckin Test:
Step 1: Create a folder under the root folder 
Step 2: Create a Folder under the VM folder
Step 3: Create a Folder under the Host folder
Step 4: Move a Folder into another folder 
Step 5: Create and Rename a Datacenter under root folder 
" finished-at="2010-08-30T14:12:11Z">
        </test-method>
        <test-method status="PASS" signature="testCleanUp()" name="testCleanUp" is-config="true" duration-ms="3185" started-at="2010-08-30T14:12:11Z" finished-at="2010-08-30T14:12:14Z">
        </test-method>
        <test-method status="PASS" signature="verifySysAlert()" name="verifySysAlert" is-config="true" duration-ms="73" started-at="2010-08-30T14:12:14Z" finished-at="2010-08-30T14:12:14Z">
        </test-method>
        <test-method status="PASS" signature="postCleanUp()" name="postCleanUp" is-config="true" duration-ms="25" started-at="2010-08-30T14:12:14Z" depends-on-methods="com.vmware.vcqa.TestBase.verifySysAlert" finished-at="2010-08-30T14:12:14Z">
        </test-method>
      </class>
      <class name="precheckins.SVIOps">
        <test-method status="PASS" signature="initTest(java.lang.String)" name="initTest" is-config="true" duration-ms="68" started-at="2010-08-30T14:33:16Z" finished-at="2010-08-30T14:33:16Z">
          <params>
            <param index="0">
              <value>
                <![CDATA[]]>
              </value>
            </param>
          </params>
        </test-method>
        <test-method status="PASS" signature="preSetUp()" name="preSetUp" is-config="true" duration-ms="25" started-at="2010-08-30T14:33:16Z" depends-on-methods="com.vmware.vcqa.TestBase.initTest" finished-at="2010-08-30T14:33:16Z">
        </test-method>
        <test-method status="PASS" signature="testSetUp()" name="testSetUp" is-config="true" duration-ms="4298" started-at="2010-08-30T14:33:16Z" finished-at="2010-08-30T14:33:20Z">
        </test-method>
        <test-method status="PASS" signature="test()" name="test" duration-ms="134296" started-at="2010-08-30T14:33:20Z" description="This test is a pre-checkin test that contains all the necessary test cases to verify that the basic SVI-LinkedClones operations are working." finished-at="2010-08-30T14:35:34Z">
        </test-method>
        <test-method status="PASS" signature="testCleanUp()" name="testCleanUp" is-config="true" duration-ms="14204" started-at="2010-08-30T14:35:34Z" finished-at="2010-08-30T14:35:49Z">
        </test-method>
        <test-method status="PASS" signature="verifySysAlert()" name="verifySysAlert" is-config="true" duration-ms="282" started-at="2010-08-30T14:35:49Z" finished-at="2010-08-30T14:35:49Z">
        </test-method>
        <test-method status="PASS" signature="postCleanUp()" name="postCleanUp" is-config="true" duration-ms="33" started-at="2010-08-30T14:35:49Z" depends-on-methods="com.vmware.vcqa.TestBase.verifySysAlert" finished-at="2010-08-30T14:35:49Z">
        </test-method>
      </class>
      <class name="precheckins.RecordReplayOps">
        <test-method status="PASS" signature="initTest(java.lang.String)" name="initTest" is-config="true" duration-ms="113" started-at="2010-08-30T14:16:43Z" finished-at="2010-08-30T14:16:43Z">
          <params>
            <param index="0">
              <value>
                <![CDATA[]]>
              </value>
            </param>
          </params>
        </test-method>
        <test-method status="PASS" signature="preSetUp()" name="preSetUp" is-config="true" duration-ms="58" started-at="2010-08-30T14:16:43Z" depends-on-methods="com.vmware.vcqa.TestBase.initTest" finished-at="2010-08-30T14:16:43Z">
        </test-method>
        <test-method status="PASS" signature="testSetUp()" name="testSetUp" is-config="true" duration-ms="14178" started-at="2010-08-30T14:16:43Z" finished-at="2010-08-30T14:16:57Z">
        </test-method>
        <test-method status="PASS" signature="test()" name="test" duration-ms="304915" started-at="2010-08-30T14:16:57Z" description="Test all RecordReplay specific API&#039;s on BAT setup" finished-at="2010-08-30T14:22:02Z">
        </test-method>
        <test-method status="PASS" signature="testCleanUp()" name="testCleanUp" is-config="true" duration-ms="70999" started-at="2010-08-30T14:22:02Z" finished-at="2010-08-30T14:23:13Z">
        </test-method>
        <test-method status="PASS" signature="verifySysAlert()" name="verifySysAlert" is-config="true" duration-ms="68" started-at="2010-08-30T14:23:13Z" finished-at="2010-08-30T14:23:13Z">
        </test-method>
        <test-method status="PASS" signature="postCleanUp()" name="postCleanUp" is-config="true" duration-ms="35" started-at="2010-08-30T14:23:13Z" depends-on-methods="com.vmware.vcqa.TestBase.verifySysAlert" finished-at="2010-08-30T14:23:13Z">
        </test-method>
      </class>
    </test>
    <test name="VC::Functional::LegacyOpsESX41" duration-ms="91533" started-at="2010-08-30T13:10:07Z" finished-at="2010-08-30T13:11:38Z">
      <class name="precheckins.LegacyOps">
        <test-method status="PASS" signature="initTest(java.lang.String)" name="initTest" is-config="true" duration-ms="69" started-at="2010-08-30T13:10:07Z" finished-at="2010-08-30T13:10:07Z">
          <params>
            <param index="0">
              <value>
                <![CDATA[-legacy 10.18.47.38]]>
              </value>
            </param>
          </params>
        </test-method>
        <test-method status="PASS" signature="preSetUp()" name="preSetUp" is-config="true" duration-ms="29" started-at="2010-08-30T13:10:07Z" depends-on-methods="com.vmware.vcqa.TestBase.initTest" finished-at="2010-08-30T13:10:07Z">
        </test-method>
        <test-method status="FAIL" signature="testSetUp()" name="testSetUp" is-config="true" duration-ms="0" started-at="2010-08-30T13:10:07Z" finished-at="2010-08-30T13:10:07Z">
          <exception class="com.vmware.vc.ManagedObjectNotFound">
            <full-stacktrace>
              <![CDATA[com.vmware.vc.ManagedObjectNotFound
	at com.vmware.vc.ManagedObjectNotFound$Factory.parse(Unknown Source)
	at com.vmware.vc.ManagedObjectNotFoundFault$Factory.parse(Unknown Source)
	at sun.reflect.NativeMethodAccessorImpl.invoke0(Native Method)
	at sun.reflect.NativeMethodAccessorImpl.invoke(NativeMethodAccessorImpl.java:39)
	at sun.reflect.DelegatingMethodAccessorImpl.invoke(DelegatingMethodAccessorImpl.java:25)
	at java.lang.reflect.Method.invoke(Method.java:597)
	at com.vmware.vc.ExtensionMapper.getTypeObject(Unknown Source)
	at com.vmware.vc.InternalVimServiceStub.processFault(Unknown Source)
	at com.vmware.vc.InternalVimServiceStub.queryConfigOption(Unknown Source)
	at com.vmware.vcqa.vim.EnvironmentBrowser.queryConfigOption(EnvironmentBrowser.java:101)
	at com.vmware.vcqa.vim.HostSystem.getCfgOption(HostSystem.java:3402)
	at com.vmware.vcqa.vim.HostSystem.getCfgOption(HostSystem.java:3361)
	at com.vmware.vcqa.vim.HostSystem.getDefaultDevices(HostSystem.java:3575)
	at com.vmware.vcqa.vim.ControllerAssigner.<init>(ControllerAssigner.java:83)
	at com.vmware.vcqa.vim.VMSpecManager.<init>(VMSpecManager.java:183)
	at precheckins.LegacyOps.testSetUp(LegacyOps.java:144)
	at sun.reflect.NativeMethodAccessorImpl.invoke0(Native Method)
	at sun.reflect.NativeMethodAccessorImpl.invoke(NativeMethodAccessorImpl.java:39)
	at sun.reflect.DelegatingMethodAccessorImpl.invoke(DelegatingMethodAccessorImpl.java:25)
	at java.lang.reflect.Method.invoke(Method.java:597)
	at org.testng.internal.MethodHelper.invokeMethod(MethodHelper.java:640)
	at org.testng.internal.Invoker.invokeConfigurationMethod(Invoker.java:503)
	at org.testng.internal.Invoker.invokeConfigurations(Invoker.java:193)
	at org.testng.internal.Invoker.invokeMethod(Invoker.java:575)
	at org.testng.internal.Invoker.invokeTestMethod(Invoker.java:798)
	at org.testng.internal.Invoker.invokeTestMethods(Invoker.java:1102)
	at org.testng.internal.TestMethodWorker.invokeTestMethods(TestMethodWorker.java:137)
	at org.testng.internal.TestMethodWorker.run(TestMethodWorker.java:121)
	at org.testng.TestRunner.runWorkers(TestRunner.java:1009)
	at org.testng.TestRunner.privateRun(TestRunner.java:683)
	at org.testng.TestRunner.run(TestRunner.java:553)
	at org.testng.SuiteRunner.runTest(SuiteRunner.java:311)
	at org.testng.SuiteRunner.runSequentially(SuiteRunner.java:306)
	at org.testng.SuiteRunner.privateRun(SuiteRunner.java:268)
	at org.testng.SuiteRunner.run(SuiteRunner.java:217)
	at org.testng.TestNG.runSuite(TestNG.java:1062)
	at org.testng.TestNG.runSuitesLocally(TestNG.java:956)
	at org.testng.TestNG.run(TestNG.java:874)
	at org.testng.TestNG.privateMain(TestNG.java:1178)
	at org.testng.TestNG.main(TestNG.java:1137)
]]>
            </full-stacktrace>
          </exception>
        </test-method>
        <test-method status="SKIP" signature="test()" name="test" duration-ms="0" started-at="2010-08-30T13:11:11Z" description="Perform VMOps on a legacy host (ESX 3.5, ESX 3.0, etc.). Need to specify -legacy command line argument for host name, and -legacypwd argument to override default ESX password" finished-at="2010-08-30T13:11:11Z">
        </test-method>
        <test-method status="PASS" signature="testCleanUp()" name="testCleanUp" is-config="true" duration-ms="26717" started-at="2010-08-30T13:11:11Z" finished-at="2010-08-30T13:11:38Z">
        </test-method>
        <test-method status="PASS" signature="verifySysAlert()" name="verifySysAlert" is-config="true" duration-ms="74" started-at="2010-08-30T13:11:38Z" finished-at="2010-08-30T13:11:38Z">
        </test-method>
        <test-method status="PASS" signature="postCleanUp()" name="postCleanUp" is-config="true" duration-ms="18" started-at="2010-08-30T13:11:38Z" depends-on-methods="com.vmware.vcqa.TestBase.verifySysAlert" finished-at="2010-08-30T13:11:38Z">
        </test-method>
      </class>
    </test>
    <test name="VC::Functional::LegacyOpsThinESX40" duration-ms="165651" started-at="2010-08-30T13:07:21Z" finished-at="2010-08-30T13:10:07Z">
      <class name="precheckins.LegacyOps">
        <test-method status="PASS" signature="initTest(java.lang.String)" name="initTest" is-config="true" duration-ms="73" started-at="2010-08-30T13:07:21Z" finished-at="2010-08-30T13:07:21Z">
          <params>
            <param index="0">
              <value>
                <![CDATA[-legacy 10.18.47.42]]>
              </value>
            </param>
          </params>
        </test-method>
        <test-method status="PASS" signature="preSetUp()" name="preSetUp" is-config="true" duration-ms="19" started-at="2010-08-30T13:07:21Z" depends-on-methods="com.vmware.vcqa.TestBase.initTest" finished-at="2010-08-30T13:07:21Z">
        </test-method>
        <test-method status="PASS" signature="testSetUp()" name="testSetUp" is-config="true" duration-ms="104509" started-at="2010-08-30T13:07:21Z" finished-at="2010-08-30T13:09:05Z">
        </test-method>
        <test-method status="PASS" signature="test()" name="test" duration-ms="39655" started-at="2010-08-30T13:09:05Z" description="Perform VMOps on a legacy host (ESX 3.5, ESX 3.0, etc.). Need to specify -legacy command line argument for host name, and -legacypwd argument to override default ESX password" finished-at="2010-08-30T13:09:45Z">
        </test-method>
        <test-method status="PASS" signature="testCleanUp()" name="testCleanUp" is-config="true" duration-ms="21325" started-at="2010-08-30T13:09:45Z" finished-at="2010-08-30T13:10:06Z">
        </test-method>
        <test-method status="PASS" signature="verifySysAlert()" name="verifySysAlert" is-config="true" duration-ms="58" started-at="2010-08-30T13:10:06Z" finished-at="2010-08-30T13:10:06Z">
        </test-method>
        <test-method status="PASS" signature="postCleanUp()" name="postCleanUp" is-config="true" duration-ms="11" started-at="2010-08-30T13:10:06Z" depends-on-methods="com.vmware.vcqa.TestBase.verifySysAlert" finished-at="2010-08-30T13:10:07Z">
        </test-method>
      </class>
    </test>
    <test name="VC::Functional::SolutionTests" duration-ms="66225" started-at="2010-08-30T13:31:41Z" finished-at="2010-08-30T13:32:47Z">
      <class name="precheckins.QueryServiceOps">
        <test-method status="PASS" signature="initTest(java.lang.String)" name="initTest" is-config="true" duration-ms="75" started-at="2010-08-30T13:31:41Z" finished-at="2010-08-30T13:31:41Z">
          <params>
            <param index="0">
              <value>
                <![CDATA[]]>
              </value>
            </param>
          </params>
        </test-method>
        <test-method status="PASS" signature="preSetUp()" name="preSetUp" is-config="true" duration-ms="38" started-at="2010-08-30T13:31:41Z" depends-on-methods="com.vmware.vcqa.TestBase.initTest" finished-at="2010-08-30T13:31:41Z">
        </test-method>
        <test-method status="PASS" signature="testSetUp()" name="testSetUp" is-config="true" duration-ms="772" started-at="2010-08-30T13:31:41Z" finished-at="2010-08-30T13:31:42Z">
        </test-method>
        <test-method status="PASS" signature="test()" name="test" duration-ms="16155" started-at="2010-08-30T13:31:42Z" description="Case - 1 : Query for a VM that is there in the inventory 
Case - 2 : Create a VM and query for that VM. 
Case - 3 : Register/Unregister a Push Provider 
Case - 4 : Register/Unregister a Pull Provider" finished-at="2010-08-30T13:31:58Z">
        </test-method>
        <test-method status="PASS" signature="testCleanUp()" name="testCleanUp" is-config="true" duration-ms="2622" started-at="2010-08-30T13:31:58Z" finished-at="2010-08-30T13:32:00Z">
        </test-method>
        <test-method status="PASS" signature="verifySysAlert()" name="verifySysAlert" is-config="true" duration-ms="119" started-at="2010-08-30T13:32:00Z" finished-at="2010-08-30T13:32:00Z">
        </test-method>
        <test-method status="PASS" signature="postCleanUp()" name="postCleanUp" is-config="true" duration-ms="10" started-at="2010-08-30T13:32:00Z" depends-on-methods="com.vmware.vcqa.TestBase.verifySysAlert" finished-at="2010-08-30T13:32:00Z">
        </test-method>
      </class>
      <class name="precheckins.StorageManagementServiceOps">
        <test-method status="PASS" signature="initTest(java.lang.String)" name="initTest" is-config="true" duration-ms="123" started-at="2010-08-30T13:32:00Z" finished-at="2010-08-30T13:32:01Z">
          <params>
            <param index="0">
              <value>
                <![CDATA[]]>
              </value>
            </param>
          </params>
        </test-method>
        <test-method status="PASS" signature="preSetUp()" name="preSetUp" is-config="true" duration-ms="64" started-at="2010-08-30T13:32:01Z" depends-on-methods="com.vmware.vcqa.TestBase.initTest" finished-at="2010-08-30T13:32:01Z">
        </test-method>
        <test-method status="PASS" signature="testSetUp()" name="testSetUp" is-config="true" duration-ms="28" started-at="2010-08-30T13:32:01Z" finished-at="2010-08-30T13:32:01Z">
        </test-method>
        <test-method status="PASS" signature="test()" name="test" duration-ms="46121" started-at="2010-08-30T13:32:01Z" description="StorageManagementService (Storage Management Service) Precheckin test" finished-at="2010-08-30T13:32:47Z">
        </test-method>
        <test-method status="PASS" signature="testCleanUp()" name="testCleanUp" is-config="true" duration-ms="8" started-at="2010-08-30T13:32:47Z" finished-at="2010-08-30T13:32:47Z">
        </test-method>
        <test-method status="PASS" signature="verifySysAlert()" name="verifySysAlert" is-config="true" duration-ms="73" started-at="2010-08-30T13:32:47Z" finished-at="2010-08-30T13:32:47Z">
        </test-method>
        <test-method status="PASS" signature="postCleanUp()" name="postCleanUp" is-config="true" duration-ms="16" started-at="2010-08-30T13:32:47Z" depends-on-methods="com.vmware.vcqa.TestBase.verifySysAlert" finished-at="2010-08-30T13:32:47Z">
        </test-method>
      </class>
    </test>
    <test name="VC::Functional::LegacyOpsThinESX41" duration-ms="101729" started-at="2010-08-30T13:11:38Z" finished-at="2010-08-30T13:13:20Z">
      <class name="precheckins.LegacyOps">
        <test-method status="PASS" signature="initTest(java.lang.String)" name="initTest" is-config="true" duration-ms="81" started-at="2010-08-30T13:11:38Z" finished-at="2010-08-30T13:11:38Z">
          <params>
            <param index="0">
              <value>
                <![CDATA[-legacy 10.18.47.39]]>
              </value>
            </param>
          </params>
        </test-method>
        <test-method status="PASS" signature="preSetUp()" name="preSetUp" is-config="true" duration-ms="26" started-at="2010-08-30T13:11:38Z" depends-on-methods="com.vmware.vcqa.TestBase.initTest" finished-at="2010-08-30T13:11:38Z">
        </test-method>
        <test-method status="PASS" signature="testSetUp()" name="testSetUp" is-config="true" duration-ms="47194" started-at="2010-08-30T13:11:38Z" finished-at="2010-08-30T13:12:25Z">
        </test-method>
        <test-method status="PASS" signature="test()" name="test" duration-ms="36867" started-at="2010-08-30T13:12:25Z" description="Perform VMOps on a legacy host (ESX 3.5, ESX 3.0, etc.). Need to specify -legacy command line argument for host name, and -legacypwd argument to override default ESX password" finished-at="2010-08-30T13:13:02Z">
        </test-method>
        <test-method status="PASS" signature="testCleanUp()" name="testCleanUp" is-config="true" duration-ms="17459" started-at="2010-08-30T13:13:02Z" finished-at="2010-08-30T13:13:20Z">
        </test-method>
        <test-method status="PASS" signature="verifySysAlert()" name="verifySysAlert" is-config="true" duration-ms="91" started-at="2010-08-30T13:13:20Z" finished-at="2010-08-30T13:13:20Z">
        </test-method>
        <test-method status="PASS" signature="postCleanUp()" name="postCleanUp" is-config="true" duration-ms="11" started-at="2010-08-30T13:13:20Z" depends-on-methods="com.vmware.vcqa.TestBase.verifySysAlert" finished-at="2010-08-30T13:13:20Z">
        </test-method>
      </class>
    </test>
    <test name="VC::Functional::LegacyOpsESX40" duration-ms="129618" started-at="2010-08-30T13:05:11Z" finished-at="2010-08-30T13:07:21Z">
      <class name="precheckins.LegacyOps">
        <test-method status="PASS" signature="initTest(java.lang.String)" name="initTest" is-config="true" duration-ms="100" started-at="2010-08-30T13:05:11Z" finished-at="2010-08-30T13:05:11Z">
          <params>
            <param index="0">
              <value>
                <![CDATA[-legacy 10.18.47.41]]>
              </value>
            </param>
          </params>
        </test-method>
        <test-method status="PASS" signature="preSetUp()" name="preSetUp" is-config="true" duration-ms="42" started-at="2010-08-30T13:05:11Z" depends-on-methods="com.vmware.vcqa.TestBase.initTest" finished-at="2010-08-30T13:05:11Z">
        </test-method>
        <test-method status="PASS" signature="testSetUp()" name="testSetUp" is-config="true" duration-ms="55496" started-at="2010-08-30T13:05:11Z" finished-at="2010-08-30T13:06:07Z">
        </test-method>
        <test-method status="PASS" signature="test()" name="test" duration-ms="45559" started-at="2010-08-30T13:06:07Z" description="Perform VMOps on a legacy host (ESX 3.5, ESX 3.0, etc.). Need to specify -legacy command line argument for host name, and -legacypwd argument to override default ESX password" finished-at="2010-08-30T13:06:52Z">
        </test-method>
        <test-method status="PASS" signature="testCleanUp()" name="testCleanUp" is-config="true" duration-ms="28349" started-at="2010-08-30T13:06:52Z" finished-at="2010-08-30T13:07:21Z">
        </test-method>
        <test-method status="PASS" signature="verifySysAlert()" name="verifySysAlert" is-config="true" duration-ms="54" started-at="2010-08-30T13:07:21Z" finished-at="2010-08-30T13:07:21Z">
        </test-method>
        <test-method status="PASS" signature="postCleanUp()" name="postCleanUp" is-config="true" duration-ms="18" started-at="2010-08-30T13:07:21Z" depends-on-methods="com.vmware.vcqa.TestBase.verifySysAlert" finished-at="2010-08-30T13:07:21Z">
        </test-method>
      </class>
    </test>
    <test name="VC::Functional::LegacyOpsThinESX35" duration-ms="140203" started-at="2010-08-30T13:02:51Z" finished-at="2010-08-30T13:05:11Z">
      <class name="precheckins.LegacyOps">
        <test-method status="PASS" signature="initTest(java.lang.String)" name="initTest" is-config="true" duration-ms="127" started-at="2010-08-30T13:02:51Z" finished-at="2010-08-30T13:02:51Z">
          <params>
            <param index="0">
              <value>
                <![CDATA[-legacy 10.20.59.217]]>
              </value>
            </param>
          </params>
        </test-method>
        <test-method status="PASS" signature="preSetUp()" name="preSetUp" is-config="true" duration-ms="34" started-at="2010-08-30T13:02:51Z" depends-on-methods="com.vmware.vcqa.TestBase.initTest" finished-at="2010-08-30T13:02:51Z">
        </test-method>
        <test-method status="PASS" signature="testSetUp()" name="testSetUp" is-config="true" duration-ms="77506" started-at="2010-08-30T13:02:51Z" finished-at="2010-08-30T13:04:09Z">
        </test-method>
        <test-method status="PASS" signature="test()" name="test" duration-ms="41888" started-at="2010-08-30T13:04:09Z" description="Perform VMOps on a legacy host (ESX 3.5, ESX 3.0, etc.). Need to specify -legacy command line argument for host name, and -legacypwd argument to override default ESX password" finished-at="2010-08-30T13:04:51Z">
        </test-method>
        <test-method status="PASS" signature="testCleanUp()" name="testCleanUp" is-config="true" duration-ms="20514" started-at="2010-08-30T13:04:51Z" finished-at="2010-08-30T13:05:11Z">
        </test-method>
        <test-method status="PASS" signature="verifySysAlert()" name="verifySysAlert" is-config="true" duration-ms="70" started-at="2010-08-30T13:05:11Z" finished-at="2010-08-30T13:05:11Z">
        </test-method>
        <test-method status="PASS" signature="postCleanUp()" name="postCleanUp" is-config="true" duration-ms="64" started-at="2010-08-30T13:05:11Z" depends-on-methods="com.vmware.vcqa.TestBase.verifySysAlert" finished-at="2010-08-30T13:05:11Z">
        </test-method>
      </class>
    </test>
    <test name="VC::Functional::LegacyOpsESX35" duration-ms="108724" started-at="2010-08-30T13:01:02Z" finished-at="2010-08-30T13:02:51Z">
      <class name="precheckins.LegacyOps">
        <test-method status="PASS" signature="initTest(java.lang.String)" name="initTest" is-config="true" duration-ms="1591" started-at="2010-08-30T13:01:02Z" finished-at="2010-08-30T13:01:04Z">
          <params>
            <param index="0">
              <value>
                <![CDATA[-legacy 10.18.47.43]]>
              </value>
            </param>
          </params>
        </test-method>
        <test-method status="PASS" signature="preSetUp()" name="preSetUp" is-config="true" duration-ms="53" started-at="2010-08-30T13:01:04Z" depends-on-methods="com.vmware.vcqa.TestBase.initTest" finished-at="2010-08-30T13:01:04Z">
        </test-method>
        <test-method status="PASS" signature="testSetUp()" name="testSetUp" is-config="true" duration-ms="46301" started-at="2010-08-30T13:01:04Z" finished-at="2010-08-30T13:01:50Z">
        </test-method>
        <test-method status="PASS" signature="test()" name="test" duration-ms="41534" started-at="2010-08-30T13:01:50Z" description="Perform VMOps on a legacy host (ESX 3.5, ESX 3.0, etc.). Need to specify -legacy command line argument for host name, and -legacypwd argument to override default ESX password" finished-at="2010-08-30T13:02:32Z">
        </test-method>
        <test-method status="PASS" signature="testCleanUp()" name="testCleanUp" is-config="true" duration-ms="18860" started-at="2010-08-30T13:02:32Z" finished-at="2010-08-30T13:02:51Z">
        </test-method>
        <test-method status="PASS" signature="verifySysAlert()" name="verifySysAlert" is-config="true" duration-ms="353" started-at="2010-08-30T13:02:51Z" finished-at="2010-08-30T13:02:51Z">
        </test-method>
        <test-method status="PASS" signature="postCleanUp()" name="postCleanUp" is-config="true" duration-ms="27" started-at="2010-08-30T13:02:51Z" depends-on-methods="com.vmware.vcqa.TestBase.verifySysAlert" finished-at="2010-08-30T13:02:51Z">
        </test-method>
      </class>
    </test>
  </suite>
</testng-results>
