<?xml version="1.0" encoding="UTF-8"?>
<testng-results skipped="0" failed="0" total="526" passed="526">
  <reporter-output>
    <line>
      <![CDATA[IN THE REPORTER: param1]]>
    </line>
    <line>
      <![CDATA[IN THE REPORTER: param2]]>
    </line>
    <line>
      <![CDATA[Child.test3]]>
    </line>
    <line>
      <![CDATA[beforeSuite]]>
    </line>
    <line>
      <![CDATA[beforeTest]]>
    </line>
    <line>
      <![CDATA[beforeTestClass]]>
    </line>
    <line>
      <![CDATA[beforeTestMethod]]>
    </line>
    <line>
      <![CDATA[Child.test1]]>
    </line>
    <line>
      <![CDATA[beforeTestMethod]]>
    </line>
    <line>
      <![CDATA[Child.test3]]>
    </line>
    <line>
      <![CDATA[foo]]>
    </line>
    <line>
      <![CDATA[foo]]>
    </line>
    <line>
      <![CDATA[BEFORE]]>
    </line>
    <line>
      <![CDATA[output from hook test.verify]]>
    </line>
  </reporter-output>
  <suite name="TestNG Running Junit Tests" duration-ms="14" started-at="2011-05-26T14:44:20Z" finished-at="2011-05-26T14:44:20Z">
    <groups>
    </groups>
    <test name="Junit via TestNG XML" duration-ms="14" started-at="2011-05-26T14:44:20Z" finished-at="2011-05-26T14:44:20Z">
      <class name="test.junit.SetNameTest">
        <test-method status="PASS" signature="testFoo()" name="testFoo on instance testFoo(test.junit.SetNameTest)" duration-ms="3" started-at="2011-05-26T14:44:20Z" finished-at="2011-05-26T14:44:20Z">
        </test-method>
        <test-method status="PASS" signature="testBar()" name="testBar on instance testBar(test.junit.SetNameTest)" duration-ms="1" started-at="2011-05-26T14:44:20Z" finished-at="2011-05-26T14:44:20Z">
        </test-method>
      </class>
    </test>
  </suite>
  <suite name="TestNG" duration-ms="24849" started-at="2011-05-26T14:44:20Z" finished-at="2011-05-26T14:44:45Z">
    <groups>
      <group name="A">
        <method signature="test.configuration.ConfigurationGroups7SampleTest.testSomething()" name="testSomething" class="test.configuration.ConfigurationGroups7SampleTest"/>
        <method signature="test.configuration.ConfigurationGroups7SampleTest.testSomethingMore()" name="testSomethingMore" class="test.configuration.ConfigurationGroups7SampleTest"/>
        <method signature="test.configuration.ConfigurationGroups8SampleTest.testSomething()" name="testSomething" class="test.configuration.ConfigurationGroups8SampleTest"/>
        <method signature="test.configuration.ConfigurationGroups8SampleTest.testSomethingMore()" name="testSomethingMore" class="test.configuration.ConfigurationGroups8SampleTest"/>
      </group>
      <group name="B">
        <method signature="test.configuration.ConfigurationGroups8SampleTest.verify()" name="verify" class="test.configuration.ConfigurationGroups8SampleTest"/>
      </group>
      <group name="before">
        <method signature="test.inheritance.DChild_2.test()" name="test" class="test.inheritance.DChild_2"/>
      </group>
      <group name="one">
        <method signature="test.dependent.SampleDependentMethods2.oneA()" name="oneA" class="test.dependent.SampleDependentMethods2"/>
        <method signature="test.dependent.SampleDependentMethods2.oneB()" name="oneB" class="test.dependent.SampleDependentMethods2"/>
      </group>
      <group name="foo">
        <method signature="test.configuration.MultipleBeforeGroupTest.test()" name="test" class="test.configuration.MultipleBeforeGroupTest"/>
        <method signature="test.configuration.MultipleBeforeGroupTest.verify()" name="verify" class="test.configuration.MultipleBeforeGroupTest"/>
      </group>
      <group name="singleString">
        <method signature="test.parameters.ParameterSample.testSingleString(java.lang.String)" name="testSingleString" class="test.parameters.ParameterSample"/>
      </group>
      <group name="outer-group">
        <method signature="test.sample.Scope.outerDeprecated(java.lang.String)" name="outerDeprecated" class="test.sample.Scope"/>
      </group>
      <group name="testMethodOnFactoryClass">
        <method signature="test.factory.FactoryInSeparateClass.checkSum()" name="checkSum" class="test.factory.FactoryInSeparateClass"/>
      </group>
      <group name="MyTest">
        <method signature="test.factory.MyTest.testMethod()" name="testMethod" class="test.factory.MyTest"/>
      </group>
      <group name="1.0">
        <method signature="test.dependent.OrderMethodTest.z_first0()" name="z_first0" class="test.dependent.OrderMethodTest"/>
      </group>
      <group name="current">
        <method signature="test.Test1.includedGroups()" name="includedGroups" class="test.Test1"/>
        <method signature="test.MethodTest.excludeMethodsOnly()" name="excludeMethodsOnly" class="test.MethodTest"/>
        <method signature="test.MethodTest.includeMethodsOnly()" name="includeMethodsOnly" class="test.MethodTest"/>
        <method signature="test.mannotation.MAnnotation2SampleTest.verifyTestEnabledInheritance()" name="verifyTestEnabledInheritance" class="test.mannotation.MAnnotation2SampleTest"/>
        <method signature="test.multiple.TestMultiple.multiple()" name="multiple" class="test.multiple.TestMultiple"/>
        <method signature="test.dataprovider.ClassTest.includeMethodsOnly()" name="includeMethodsOnly" class="test.dataprovider.ClassTest"/>
        <method signature="test.CommandLineTest.junitParsing()" name="junitParsing" class="test.CommandLineTest"/>
        <method signature="test.CommandLineTest.junitParsing2()" name="junitParsing2" class="test.CommandLineTest"/>
        <method signature="test.CommandLineTest.suiteNameOverride()" name="suiteNameOverride" class="test.CommandLineTest"/>
        <method signature="test.CommandLineTest.testNameOverride()" name="testNameOverride" class="test.CommandLineTest"/>
      </group>
      <group name="currentold">
        <method signature="test.Test1.logger()" name="logger" class="test.Test1"/>
      </group>
      <group name="group1">
        <method signature="test.Exclude.included1()" name="included1" class="test.Exclude"/>
        <method signature="test.Exclude.included2()" name="included2" class="test.Exclude"/>
        <method signature="test.configuration.ConfigurationInheritGroupsSampleTest.test1()" name="test1" class="test.configuration.ConfigurationInheritGroupsSampleTest"/>
      </group>
      <group name="group2">
        <method signature="test.Exclude.verify()" name="verify" class="test.Exclude"/>
      </group>
      <group name="cg34-a">
        <method signature="test.configuration.ConfigurationGroups3SampleTest.fa()" name="fa" class="test.configuration.ConfigurationGroups3SampleTest"/>
      </group>
      <group name="1.1">
        <method signature="test.dependent.OrderMethodTest.z_premiere1()" name="z_premiere1" class="test.dependent.OrderMethodTest"/>
      </group>
      <group name="inheritedTestMethod">
        <method signature="test.sample.BaseSampleInheritance.baseMethod()" name="baseMethod" class="test.sample.BaseSampleInheritance"/>
      </group>
      <group name="cg1-a">
        <method signature="test.configuration.ConfigurationGroups1SampleTest.fa()" name="fa" class="test.configuration.ConfigurationGroups1SampleTest"/>
      </group>
      <group name="maven-broken">
        <method signature="test.xml.XmlVerifyTest.handleInvalidXml()" name="handleInvalidXml" class="test.xml.XmlVerifyTest"/>
      </group>
      <group name="cg2-1">
        <method signature="test.configuration.ConfigurationGroups2SampleTest.f1()" name="f1" class="test.configuration.ConfigurationGroups2SampleTest"/>
        <method signature="test.configuration.ConfigurationGroups2SampleTest.g1()" name="g1" class="test.configuration.ConfigurationGroups2SampleTest"/>
      </group>
      <group name="nopackage">
        <method signature="NoPackageTest.test()" name="test" class="NoPackageTest"/>
      </group>
      <group name="b">
        <method signature="test.groupinvocation.DummyTest.testAB()" name="testAB" class="test.groupinvocation.DummyTest"/>
      </group>
      <group name="cg5-2">
        <method signature="test.configuration.ConfigurationGroups5SampleTest.run2()" name="run2" class="test.configuration.ConfigurationGroups5SampleTest"/>
      </group>
      <group name="sample1">
        <method signature="test.methods.SampleMethod1.shouldRun1()" name="shouldRun1" class="test.methods.SampleMethod1"/>
        <method signature="test.methods.SampleMethod1.shouldRun2()" name="shouldRun2" class="test.methods.SampleMethod1"/>
      </group>
      <group name="a">
        <method signature="test.regression.groupsordering.A.testA()" name="testA" class="test.regression.groupsordering.A"/>
        <method signature="test.regression.groupsordering.B.testB()" name="testB" class="test.regression.groupsordering.B"/>
        <method signature="test.groupinvocation.DummyTest.testA()" name="testA" class="test.groupinvocation.DummyTest"/>
        <method signature="test.groupinvocation.DummyTest.testAB()" name="testAB" class="test.groupinvocation.DummyTest"/>
      </group>
      <group name="cg5-1">
        <method signature="test.configuration.ConfigurationGroups5SampleTest.run1()" name="run1" class="test.configuration.ConfigurationGroups5SampleTest"/>
      </group>
      <group name="cg34-1">
        <method signature="test.configuration.ConfigurationGroups3SampleTest.f1()" name="f1" class="test.configuration.ConfigurationGroups3SampleTest"/>
      </group>
      <group name="cg4-1">
        <method signature="test.configuration.ConfigurationGroups4SampleTest.run()" name="run" class="test.configuration.ConfigurationGroups4SampleTest"/>
      </group>
      <group name="2.1">
        <method signature="test.dependent.OrderMethodTest.a_second1()" name="a_second1" class="test.dependent.OrderMethodTest"/>
      </group>
      <group name="2.0">
        <method signature="test.dependent.BaseOrderMethodTest.a_second0()" name="a_second0" class="test.dependent.BaseOrderMethodTest"/>
      </group>
      <group name="basic1">
        <method signature="test.sample.Basic1.basic1()" name="basic1" class="test.sample.Basic1"/>
      </group>
      <group name="3">
        <method signature="test.dependent.BaseOrderMethodTest.third0()" name="third0" class="test.dependent.BaseOrderMethodTest"/>
      </group>
      <group name="cg6-1">
        <method signature="test.configuration.ConfigurationGroups6SampleTest.run1()" name="run1" class="test.configuration.ConfigurationGroups6SampleTest"/>
        <method signature="test.configuration.ConfigurationGroups6SampleTest.run2()" name="run2" class="test.configuration.ConfigurationGroups6SampleTest"/>
      </group>
      <group name="unittest">
        <method signature="test.nested.GarfTest.testGarf()" name="testGarf" class="test.nested.GarfTest"/>
      </group>
      <group name="cg1-1">
        <method signature="test.configuration.ConfigurationGroups1SampleTest.f1()" name="f1" class="test.configuration.ConfigurationGroups1SampleTest"/>
      </group>
      <group name="inner-group">
        <method signature="test.sample.Scope.innerDeprecated(java.lang.String)" name="innerDeprecated" class="test.sample.Scope"/>
      </group>
      <group name="first">
        <method signature="test.classgroup.First.first1()" name="first1" class="test.classgroup.First"/>
        <method signature="test.classgroup.First.first2()" name="first2" class="test.classgroup.First"/>
        <method signature="test.factory.FactoryTest2.testInt()" name="testInt" class="test.factory.FactoryTest2"/>
        <method signature="test.factory.FactoryWithInstanceInfoTest2.testInt()" name="testInt" class="test.factory.FactoryWithInstanceInfoTest2"/>
      </group>
      <group name="cg2-a">
        <method signature="test.configuration.ConfigurationGroups2SampleTest.fa()" name="fa" class="test.configuration.ConfigurationGroups2SampleTest"/>
      </group>
    </groups>
    <test name="Ant-ClassFileResolution" duration-ms="1" started-at="2011-05-26T14:44:44Z" finished-at="2011-05-26T14:44:44Z">
      <class name="test.ant.TestCommandLineArgs">
        <test-method status="PASS" signature="testDOSPathResolution()" name="testDOSPathResolution" duration-ms="1" started-at="2011-05-26T14:44:44Z" finished-at="2011-05-26T14:44:44Z">
        </test-method>
        <test-method status="PASS" signature="testUnixPathResolution()" name="testUnixPathResolution" duration-ms="0" started-at="2011-05-26T14:44:44Z" finished-at="2011-05-26T14:44:44Z">
        </test-method>
        <test-method status="PASS" signature="testPathResolution()" name="testPathResolution" duration-ms="0" started-at="2011-05-26T14:44:44Z" finished-at="2011-05-26T14:44:44Z">
        </test-method>
      </class>
    </test>
    <test name="Method2" duration-ms="1" started-at="2011-05-26T14:44:41Z" finished-at="2011-05-26T14:44:41Z">
      <class name="test.methods.VerifyMethod1">
        <test-method status="PASS" signature="verify()" name="verify" duration-ms="0" depends-on-groups="sample1" started-at="2011-05-26T14:44:41Z" finished-at="2011-05-26T14:44:41Z">
        </test-method>
      </class>
      <class name="test.methods.SampleMethod1">
        <test-method status="PASS" signature="shouldRun2()" name="shouldRun2" duration-ms="0" started-at="2011-05-26T14:44:41Z" finished-at="2011-05-26T14:44:41Z">
        </test-method>
        <test-method status="PASS" signature="shouldRun1()" name="shouldRun1" duration-ms="0" started-at="2011-05-26T14:44:41Z" finished-at="2011-05-26T14:44:41Z">
        </test-method>
      </class>
    </test>
    <test name="Test inner scope" duration-ms="0" started-at="2011-05-26T14:44:29Z" finished-at="2011-05-26T14:44:29Z">
      <class name="test.sample.Scope">
        <test-method status="PASS" signature="innerDeprecated(java.lang.String)" name="innerDeprecated" duration-ms="0" started-at="2011-05-26T14:44:29Z" finished-at="2011-05-26T14:44:29Z">
          <params>
            <param index="0">
              <value>
                <![CDATA[in]]>
              </value>
            </param>
          </params>
        </test-method>
      </class>
    </test>
    <test name="MethodInterceptor" duration-ms="92" started-at="2011-05-26T14:44:44Z" finished-at="2011-05-26T14:44:45Z">
      <class name="test.methodinterceptors.MethodInterceptorTest">
        <test-method status="PASS" signature="fastShouldNotRunFirst()" name="fastShouldNotRunFirst" duration-ms="3" started-at="2011-05-26T14:44:44Z" finished-at="2011-05-26T14:44:44Z">
        </test-method>
        <test-method status="PASS" signature="fastShouldRunFirst()" name="fastShouldRunFirst" duration-ms="2" started-at="2011-05-26T14:44:44Z" finished-at="2011-05-26T14:44:44Z">
        </test-method>
        <test-method status="PASS" signature="noMethodsShouldRun()" name="noMethodsShouldRun" duration-ms="2" started-at="2011-05-26T14:44:44Z" finished-at="2011-05-26T14:44:44Z">
        </test-method>
        <test-method status="PASS" signature="nullMethodInterceptorWorksInTestngXml()" name="nullMethodInterceptorWorksInTestngXml" duration-ms="5" started-at="2011-05-26T14:44:44Z" finished-at="2011-05-26T14:44:44Z">
        </test-method>
        <test-method status="PASS" signature="shouldNotLockUpWithInterceptorThatRemovesMethods()" name="shouldNotLockUpWithInterceptorThatRemovesMethods" duration-ms="79" started-at="2011-05-26T14:44:44Z" finished-at="2011-05-26T14:44:45Z">
        </test-method>
      </class>
    </test>
    <test name="Method1" duration-ms="0" started-at="2011-05-26T14:44:41Z" finished-at="2011-05-26T14:44:41Z">
      <class name="test.methods.VerifyMethod1">
        <test-method status="PASS" signature="verify()" name="verify" duration-ms="0" depends-on-groups="sample1" started-at="2011-05-26T14:44:41Z" finished-at="2011-05-26T14:44:41Z">
        </test-method>
      </class>
      <class name="test.methods.SampleMethod1">
        <test-method status="PASS" signature="shouldRun2()" name="shouldRun2" duration-ms="0" started-at="2011-05-26T14:44:41Z" finished-at="2011-05-26T14:44:41Z">
        </test-method>
        <test-method status="PASS" signature="shouldRun1()" name="shouldRun1" duration-ms="0" started-at="2011-05-26T14:44:41Z" finished-at="2011-05-26T14:44:41Z">
        </test-method>
      </class>
    </test>
    <test name="AfterClassCalledAtEnd" duration-ms="1" started-at="2011-05-26T14:44:29Z" finished-at="2011-05-26T14:44:29Z">
      <class name="test.sample.AfterClassCalledAtEnd">
        <test-method status="PASS" signature="test3()" name="test3" duration-ms="0" started-at="2011-05-26T14:44:29Z" finished-at="2011-05-26T14:44:29Z">
        </test-method>
        <test-method status="PASS" signature="before1Class()" name="before1Class" is-config="true" duration-ms="0" started-at="2011-05-26T14:44:29Z" finished-at="2011-05-26T14:44:29Z">
        </test-method>
        <test-method status="PASS" signature="test1()" name="test1" duration-ms="0" started-at="2011-05-26T14:44:29Z" description="Verify that beforeClass and afterClass are called correctly" finished-at="2011-05-26T14:44:29Z">
        </test-method>
        <test-method status="PASS" signature="test2()" name="test2" duration-ms="0" started-at="2011-05-26T14:44:29Z" finished-at="2011-05-26T14:44:29Z">
        </test-method>
        <test-method status="PASS" signature="afterClass()" name="afterClass" is-config="true" duration-ms="0" started-at="2011-05-26T14:44:29Z" finished-at="2011-05-26T14:44:29Z">
        </test-method>
        <test-method status="PASS" signature="baseAfterClass()" name="baseAfterClass" is-config="true" duration-ms="0" depends-on-groups=".*" started-at="2011-05-26T14:44:29Z" finished-at="2011-05-26T14:44:29Z">
        </test-method>
      </class>
    </test>
    <test name="Method3" duration-ms="1" started-at="2011-05-26T14:44:41Z" finished-at="2011-05-26T14:44:41Z">
      <class name="test.methods.VerifyMethod1">
        <test-method status="PASS" signature="verify()" name="verify" duration-ms="0" depends-on-groups="sample1" started-at="2011-05-26T14:44:41Z" finished-at="2011-05-26T14:44:41Z">
        </test-method>
      </class>
      <class name="test.methods.SampleMethod1">
        <test-method status="PASS" signature="shouldRun1()" name="shouldRun1" duration-ms="0" started-at="2011-05-26T14:44:41Z" finished-at="2011-05-26T14:44:41Z">
        </test-method>
        <test-method status="PASS" signature="shouldRun2()" name="shouldRun2" duration-ms="1" started-at="2011-05-26T14:44:41Z" finished-at="2011-05-26T14:44:41Z">
        </test-method>
      </class>
    </test>
    <test name="Injection" duration-ms="10" started-at="2011-05-26T14:44:29Z" finished-at="2011-05-26T14:44:29Z">
      <class name="test.inject.InjectDataProviderTest">
        <test-method status="PASS" signature="dpObject2(org.testng.ITestContext, java.lang.Integer, java.lang.String)" name="dpObject2" duration-ms="0" started-at="2011-05-26T14:44:29Z" finished-at="2011-05-26T14:44:29Z">
          <params>
            <param index="0">
              <value>
                <![CDATA[org.testng.TestRunner@23dd246]]>
              </value>
            </param>
            <param index="1">
              <value>
                <![CDATA[2]]>
              </value>
            </param>
            <param index="2">
              <value>
                <![CDATA[b]]>
              </value>
            </param>
          </params>
        </test-method>
        <test-method status="PASS" signature="dpObject2(org.testng.ITestContext, java.lang.Integer, java.lang.String)" name="dpObject2" duration-ms="0" started-at="2011-05-26T14:44:29Z" finished-at="2011-05-26T14:44:29Z">
          <params>
            <param index="0">
              <value>
                <![CDATA[org.testng.TestRunner@23dd246]]>
              </value>
            </param>
            <param index="1">
              <value>
                <![CDATA[1]]>
              </value>
            </param>
            <param index="2">
              <value>
                <![CDATA[a]]>
              </value>
            </param>
          </params>
        </test-method>
        <test-method status="PASS" signature="dpObject1(java.lang.Integer, org.testng.ITestContext, java.lang.String)" name="dpObject1" duration-ms="0" started-at="2011-05-26T14:44:29Z" finished-at="2011-05-26T14:44:29Z">
          <params>
            <param index="0">
              <value>
                <![CDATA[1]]>
              </value>
            </param>
            <param index="1">
              <value>
                <![CDATA[org.testng.TestRunner@23dd246]]>
              </value>
            </param>
            <param index="2">
              <value>
                <![CDATA[a]]>
              </value>
            </param>
          </params>
        </test-method>
        <test-method status="PASS" signature="dpObject1(java.lang.Integer, org.testng.ITestContext, java.lang.String)" name="dpObject1" duration-ms="0" started-at="2011-05-26T14:44:29Z" finished-at="2011-05-26T14:44:29Z">
          <params>
            <param index="0">
              <value>
                <![CDATA[2]]>
              </value>
            </param>
            <param index="1">
              <value>
                <![CDATA[org.testng.TestRunner@23dd246]]>
              </value>
            </param>
            <param index="2">
              <value>
                <![CDATA[b]]>
              </value>
            </param>
          </params>
        </test-method>
        <test-method status="PASS" signature="dpObject3(java.lang.Integer, java.lang.String, org.testng.ITestContext)" name="dpObject3" duration-ms="0" started-at="2011-05-26T14:44:29Z" finished-at="2011-05-26T14:44:29Z">
          <params>
            <param index="0">
              <value>
                <![CDATA[2]]>
              </value>
            </param>
            <param index="1">
              <value>
                <![CDATA[b]]>
              </value>
            </param>
            <param index="2">
              <value>
                <![CDATA[org.testng.TestRunner@23dd246]]>
              </value>
            </param>
          </params>
        </test-method>
        <test-method status="PASS" signature="dpObject3(java.lang.Integer, java.lang.String, org.testng.ITestContext)" name="dpObject3" duration-ms="0" started-at="2011-05-26T14:44:29Z" finished-at="2011-05-26T14:44:29Z">
          <params>
            <param index="0">
              <value>
                <![CDATA[1]]>
              </value>
            </param>
            <param index="1">
              <value>
                <![CDATA[a]]>
              </value>
            </param>
            <param index="2">
              <value>
                <![CDATA[org.testng.TestRunner@23dd246]]>
              </value>
            </param>
          </params>
        </test-method>
      </class>
      <class name="test.inject.InjectBeforeMethodTest">
        <test-method status="PASS" signature="after([Ljava.lang.Object;)" name="after" is-config="true" duration-ms="0" started-at="2011-05-26T14:44:29Z" finished-at="2011-05-26T14:44:29Z">
          <params>
            <param index="0">
              <value>
                <![CDATA[[Ljava.lang.Object;@2d06fbd7]]>
              </value>
            </param>
          </params>
        </test-method>
        <test-method status="PASS" signature="f(java.lang.String)" name="f" duration-ms="0" started-at="2011-05-26T14:44:29Z" finished-at="2011-05-26T14:44:29Z">
          <params>
            <param index="0">
              <value>
                <![CDATA[a]]>
              </value>
            </param>
          </params>
        </test-method>
        <test-method status="PASS" signature="before([Ljava.lang.Object;)" name="before" is-config="true" duration-ms="0" started-at="2011-05-26T14:44:29Z" finished-at="2011-05-26T14:44:29Z">
          <params>
            <param index="0">
              <value>
                <![CDATA[[Ljava.lang.Object;@2d06fbd7]]>
              </value>
            </param>
          </params>
        </test-method>
        <test-method status="PASS" signature="after([Ljava.lang.Object;)" name="after" is-config="true" duration-ms="0" started-at="2011-05-26T14:44:29Z" finished-at="2011-05-26T14:44:29Z">
          <params>
            <param index="0">
              <value>
                <![CDATA[[Ljava.lang.Object;@257ff759]]>
              </value>
            </param>
          </params>
        </test-method>
        <test-method status="PASS" signature="f(java.lang.String)" name="f" duration-ms="0" started-at="2011-05-26T14:44:29Z" finished-at="2011-05-26T14:44:29Z">
          <params>
            <param index="0">
              <value>
                <![CDATA[b]]>
              </value>
            </param>
          </params>
        </test-method>
        <test-method status="PASS" signature="before([Ljava.lang.Object;)" name="before" is-config="true" duration-ms="0" started-at="2011-05-26T14:44:29Z" finished-at="2011-05-26T14:44:29Z">
          <params>
            <param index="0">
              <value>
                <![CDATA[[Ljava.lang.Object;@257ff759]]>
              </value>
            </param>
          </params>
        </test-method>
      </class>
      <class name="test.inject.InjectTestResultTest">
        <test-method status="PASS" signature="verifyTestResultInjection()" name="verifyTestResultInjection" duration-ms="5" started-at="2011-05-26T14:44:29Z" finished-at="2011-05-26T14:44:29Z">
        </test-method>
      </class>
      <class name="test.inject.NoInjectionTest">
        <test-method status="PASS" signature="withInjection(java.lang.reflect.Method)" name="withInjection" duration-ms="0" started-at="2011-05-26T14:44:29Z" finished-at="2011-05-26T14:44:29Z">
          <params>
            <param index="0">
              <value>
                <![CDATA[public void test.inject.NoInjectionTest.withInjection(java.lang.reflect.Method)]]>
              </value>
            </param>
          </params>
        </test-method>
        <test-method status="PASS" signature="withoutInjection(java.lang.reflect.Method)" name="withoutInjection" duration-ms="0" started-at="2011-05-26T14:44:29Z" finished-at="2011-05-26T14:44:29Z">
          <params>
            <param index="0">
              <value>
                <![CDATA[public void test.inject.CC.f()]]>
              </value>
            </param>
          </params>
        </test-method>
      </class>
      <class name="test.inject.InjectTestContextTest">
        <test-method status="PASS" signature="injectionAndParameters(java.lang.String, org.testng.ITestContext)" name="injectionAndParameters" duration-ms="0" started-at="2011-05-26T14:44:29Z" finished-at="2011-05-26T14:44:29Z">
          <params>
            <param index="0">
              <value>
                <![CDATA[Cedric]]>
              </value>
            </param>
            <param index="1">
              <value>
                <![CDATA[org.testng.TestRunner@23dd246]]>
              </value>
            </param>
          </params>
        </test-method>
      </class>
    </test>
    <test name="Regression2" duration-ms="8614" started-at="2011-05-26T14:44:20Z" finished-at="2011-05-26T14:44:29Z">
      <class name="test.mannotation.MAnnotationSampleTest">
        <test-method status="PASS" signature="verifyConfigurationAfter()" name="verifyConfigurationAfter" duration-ms="0" started-at="2011-05-26T14:44:21Z" finished-at="2011-05-26T14:44:21Z">
        </test-method>
        <test-method status="PASS" signature="init()" name="init" is-config="true" duration-ms="0" started-at="2011-05-26T14:44:21Z" finished-at="2011-05-26T14:44:21Z">
        </test-method>
        <test-method status="PASS" signature="verifyDataProvider()" name="verifyDataProvider" duration-ms="0" started-at="2011-05-26T14:44:21Z" finished-at="2011-05-26T14:44:21Z">
        </test-method>
        <test-method status="PASS" signature="verifyConfigurationOthers()" name="verifyConfigurationOthers" duration-ms="0" started-at="2011-05-26T14:44:21Z" finished-at="2011-05-26T14:44:21Z">
        </test-method>
        <test-method status="PASS" signature="verifyConfigurationBefore()" name="verifyConfigurationBefore" duration-ms="0" started-at="2011-05-26T14:44:21Z" finished-at="2011-05-26T14:44:21Z">
        </test-method>
        <test-method status="PASS" signature="verifyParameters()" name="verifyParameters" duration-ms="1" started-at="2011-05-26T14:44:21Z" finished-at="2011-05-26T14:44:21Z">
        </test-method>
        <test-method status="PASS" signature="verifyNewConfigurationAfter()" name="verifyNewConfigurationAfter" duration-ms="0" started-at="2011-05-26T14:44:21Z" finished-at="2011-05-26T14:44:21Z">
        </test-method>
        <test-method status="PASS" signature="verifyNewConfigurationBefore()" name="verifyNewConfigurationBefore" duration-ms="0" started-at="2011-05-26T14:44:21Z" finished-at="2011-05-26T14:44:21Z">
        </test-method>
        <test-method status="PASS" signature="verifyExpectedExceptions()" name="verifyExpectedExceptions" duration-ms="0" started-at="2011-05-26T14:44:21Z" finished-at="2011-05-26T14:44:21Z">
        </test-method>
        <test-method status="PASS" signature="verifyFactory()" name="verifyFactory" duration-ms="0" started-at="2011-05-26T14:44:21Z" finished-at="2011-05-26T14:44:21Z">
        </test-method>
        <test-method status="PASS" signature="verifyTestMethodLevel()" name="verifyTestMethodLevel" duration-ms="1" started-at="2011-05-26T14:44:21Z" finished-at="2011-05-26T14:44:21Z">
        </test-method>
        <test-method status="PASS" signature="verifyTestClassLevel()" name="verifyTestClassLevel" duration-ms="0" started-at="2011-05-26T14:44:21Z" finished-at="2011-05-26T14:44:21Z">
        </test-method>
        <test-method status="PASS" signature="verifyTestConstructorLevel()" name="verifyTestConstructorLevel" duration-ms="0" started-at="2011-05-26T14:44:21Z" finished-at="2011-05-26T14:44:21Z">
        </test-method>
      </class>
      <class name="test.attributes.AttributeTest">
        <test-method status="PASS" signature="bc(org.testng.ITestContext)" name="bc" is-config="true" duration-ms="1" started-at="2011-05-26T14:44:20Z" finished-at="2011-05-26T14:44:20Z">
          <params>
            <param index="0">
              <value>
                <![CDATA[org.testng.TestRunner@4c3fe94a]]>
              </value>
            </param>
          </params>
        </test-method>
        <test-method status="PASS" signature="f1(org.testng.ITestContext)" name="f1" duration-ms="0" started-at="2011-05-26T14:44:20Z" finished-at="2011-05-26T14:44:20Z">
          <params>
            <param index="0">
              <value>
                <![CDATA[org.testng.TestRunner@4c3fe94a]]>
              </value>
            </param>
          </params>
        </test-method>
        <test-method status="PASS" signature="f2(org.testng.ITestContext)" name="f2" duration-ms="0" started-at="2011-05-26T14:44:20Z" depends-on-methods="test.attributes.AttributeTest.f1" finished-at="2011-05-26T14:44:20Z">
          <params>
            <param index="0">
              <value>
                <![CDATA[org.testng.TestRunner@4c3fe94a]]>
              </value>
            </param>
          </params>
        </test-method>
      </class>
      <class name="test.thread.MultiThreadedDependentTest">
        <test-method status="PASS" signature="test2Threads()" name="test2Threads" duration-ms="14" started-at="2011-05-26T14:44:21Z" finished-at="2011-05-26T14:44:21Z">
        </test-method>
        <test-method status="PASS" signature="test3Threads()" name="test3Threads" duration-ms="11" started-at="2011-05-26T14:44:21Z" finished-at="2011-05-26T14:44:21Z">
        </test-method>
      </class>
      <class name="test.configuration.ConfigurationTest">
        <test-method status="PASS" signature="verify()" name="verify" duration-ms="0" started-at="2011-05-26T14:44:27Z" finished-at="2011-05-26T14:44:27Z">
        </test-method>
        <test-method status="PASS" signature="beforeMethod()" name="beforeMethod" is-config="true" duration-ms="0" started-at="2011-05-26T14:44:27Z" finished-at="2011-05-26T14:44:27Z">
        </test-method>
        <test-method status="PASS" signature="beforeClass()" name="beforeClass" is-config="true" duration-ms="0" started-at="2011-05-26T14:44:27Z" finished-at="2011-05-26T14:44:27Z">
        </test-method>
        <test-method status="PASS" signature="afterMethod()" name="afterMethod" is-config="true" duration-ms="0" started-at="2011-05-26T14:44:27Z" finished-at="2011-05-26T14:44:27Z">
        </test-method>
        <test-method status="PASS" signature="afterClass()" name="afterClass" is-config="true" duration-ms="0" started-at="2011-05-26T14:44:27Z" finished-at="2011-05-26T14:44:27Z">
        </test-method>
      </class>
      <class name="test.EclipseTest">
        <test-method status="PASS" signature="xmlFileShouldBeRunAtItsPlaceAndNotCopied(org.testng.ITestContext)" name="xmlFileShouldBeRunAtItsPlaceAndNotCopied" duration-ms="0" started-at="2011-05-26T14:44:20Z" finished-at="2011-05-26T14:44:20Z">
          <params>
            <param index="0">
              <value>
                <![CDATA[org.testng.TestRunner@4c3fe94a]]>
              </value>
            </param>
          </params>
        </test-method>
      </class>
      <class name="test.abstractconfmethod.C">
        <test-method status="PASS" signature="testSetup()" name="testSetup" is-config="true" duration-ms="0" started-at="2011-05-26T14:44:27Z" finished-at="2011-05-26T14:44:27Z">
        </test-method>
        <test-method status="PASS" signature="test1()" name="test1" duration-ms="0" started-at="2011-05-26T14:44:27Z" description="Test depends on a config method that has implements an abstract methods" finished-at="2011-05-26T14:44:27Z">
        </test-method>
        <test-method status="PASS" signature="doSomethingInMiddle()" name="doSomethingInMiddle" is-config="true" duration-ms="0" started-at="2011-05-26T14:44:27Z" depends-on-methods="testSetup" finished-at="2011-05-26T14:44:27Z">
        </test-method>
      </class>
      <class name="test.thread.ThreadPoolSizeWithTimeOutTest">
        <test-method status="PASS" signature="setUp()" name="setUp" is-config="true" duration-ms="0" started-at="2011-05-26T14:44:20Z" finished-at="2011-05-26T14:44:20Z">
        </test-method>
        <test-method status="PASS" signature="f1()" name="f1" duration-ms="0" started-at="2011-05-26T14:44:20Z" finished-at="2011-05-26T14:44:20Z">
        </test-method>
        <test-method status="PASS" signature="f1()" name="f1" duration-ms="0" started-at="2011-05-26T14:44:20Z" finished-at="2011-05-26T14:44:20Z">
        </test-method>
        <test-method status="PASS" signature="f1()" name="f1" duration-ms="0" started-at="2011-05-26T14:44:20Z" finished-at="2011-05-26T14:44:20Z">
        </test-method>
        <test-method status="PASS" signature="f1()" name="f1" duration-ms="1" started-at="2011-05-26T14:44:20Z" finished-at="2011-05-26T14:44:20Z">
        </test-method>
        <test-method status="PASS" signature="f1()" name="f1" duration-ms="0" started-at="2011-05-26T14:44:20Z" finished-at="2011-05-26T14:44:20Z">
        </test-method>
        <test-method status="PASS" signature="verify()" name="verify" duration-ms="0" started-at="2011-05-26T14:44:20Z" depends-on-methods="test.thread.ThreadPoolSizeWithTimeOutTest.f1" finished-at="2011-05-26T14:44:20Z">
        </test-method>
      </class>
      <class name="test.thread.FactoryTest">
        <test-method status="PASS" signature="verifyFactoryParallelMethods()" name="verifyFactoryParallelMethods" duration-ms="16" started-at="2011-05-26T14:44:27Z" finished-at="2011-05-26T14:44:27Z">
        </test-method>
        <test-method status="PASS" signature="verifyFactoryNotParallel()" name="verifyFactoryNotParallel" duration-ms="9" started-at="2011-05-26T14:44:27Z" finished-at="2011-05-26T14:44:27Z">
        </test-method>
      </class>
      <class name="test.MethodTest">
        <test-method status="PASS" signature="excludeMethodsOnly()" name="excludeMethodsOnly" duration-ms="5" started-at="2011-05-26T14:44:20Z" finished-at="2011-05-26T14:44:20Z">
        </test-method>
        <test-method status="PASS" signature="methodSetUp()" name="methodSetUp" is-config="true" duration-ms="0" started-at="2011-05-26T14:44:20Z" finished-at="2011-05-26T14:44:20Z">
        </test-method>
        <test-method status="PASS" signature="methodSetUp()" name="methodSetUp" is-config="true" duration-ms="1" started-at="2011-05-26T14:44:20Z" finished-at="2011-05-26T14:44:20Z">
        </test-method>
        <test-method status="PASS" signature="excludePackage()" name="excludePackage" duration-ms="3" started-at="2011-05-26T14:44:20Z" finished-at="2011-05-26T14:44:20Z">
        </test-method>
        <test-method status="PASS" signature="methodSetUp()" name="methodSetUp" is-config="true" duration-ms="0" started-at="2011-05-26T14:44:20Z" finished-at="2011-05-26T14:44:20Z">
        </test-method>
        <test-method status="PASS" signature="includeMethodsOnly()" name="includeMethodsOnly" duration-ms="4" started-at="2011-05-26T14:44:20Z" finished-at="2011-05-26T14:44:20Z">
        </test-method>
      </class>
      <class name="test.configuration.ConfigurationListenerTest">
        <test-method status="PASS" signature="listenerShouldBeCalled()" name="listenerShouldBeCalled" duration-ms="3" started-at="2011-05-26T14:44:27Z" finished-at="2011-05-26T14:44:27Z">
        </test-method>
      </class>
      <class name="test.failures.FailuresTest">
        <test-method status="PASS" signature="shouldIncludeFailedMethodsFromBaseClass()" name="shouldIncludeFailedMethodsFromBaseClass" duration-ms="20" started-at="2011-05-26T14:44:21Z" finished-at="2011-05-26T14:44:21Z">
        </test-method>
      </class>
      <class name="test.thread.ParallelTestTest">
        <test-method status="PASS" signature="verifyParallelClasses()" name="verifyParallelClasses" duration-ms="15" started-at="2011-05-26T14:44:21Z" finished-at="2011-05-26T14:44:21Z">
        </test-method>
        <test-method status="PASS" signature="methodSetUp()" name="methodSetUp" is-config="true" duration-ms="0" started-at="2011-05-26T14:44:21Z" finished-at="2011-05-26T14:44:21Z">
        </test-method>
        <test-method status="PASS" signature="methodSetUp()" name="methodSetUp" is-config="true" duration-ms="0" started-at="2011-05-26T14:44:21Z" finished-at="2011-05-26T14:44:21Z">
        </test-method>
        <test-method status="PASS" signature="verifyParallelMethods()" name="verifyParallelMethods" duration-ms="25" started-at="2011-05-26T14:44:21Z" finished-at="2011-05-26T14:44:21Z">
        </test-method>
        <test-method status="PASS" signature="methodSetUp()" name="methodSetUp" is-config="true" duration-ms="0" started-at="2011-05-26T14:44:21Z" finished-at="2011-05-26T14:44:21Z">
        </test-method>
        <test-method status="PASS" signature="verifyParallelNone()" name="verifyParallelNone" duration-ms="12" started-at="2011-05-26T14:44:21Z" finished-at="2011-05-26T14:44:21Z">
        </test-method>
        <test-method status="PASS" signature="methodSetUp()" name="methodSetUp" is-config="true" duration-ms="0" started-at="2011-05-26T14:44:21Z" finished-at="2011-05-26T14:44:21Z">
        </test-method>
        <test-method status="PASS" signature="verifyParallelTests()" name="verifyParallelTests" duration-ms="12" started-at="2011-05-26T14:44:21Z" finished-at="2011-05-26T14:44:21Z">
        </test-method>
      </class>
      <class name="test.configuration.BaseGroupsTest">
        <test-method status="PASS" signature="verifySingleInvocation()" name="verifySingleInvocation" duration-ms="34" started-at="2011-05-26T14:44:20Z" finished-at="2011-05-26T14:44:20Z">
        </test-method>
      </class>
      <class name="test.configuration.SuiteTest">
        <test-method status="PASS" signature="test1()" name="test1" duration-ms="0" started-at="2011-05-26T14:44:25Z" finished-at="2011-05-26T14:44:25Z">
        </test-method>
      </class>
      <class name="test.testng249.VerifyTest">
        <test-method status="PASS" signature="verify()" name="verify" duration-ms="10" started-at="2011-05-26T14:44:21Z" finished-at="2011-05-26T14:44:21Z">
        </test-method>
      </class>
      <class name="test.priority.PriorityTest">
        <test-method status="PASS" signature="withPriority2()" name="withPriority2" duration-ms="8" started-at="2011-05-26T14:44:27Z" description="Make sure priorities work even in parallel mode" finished-at="2011-05-26T14:44:27Z">
        </test-method>
        <test-method status="PASS" signature="withPriority()" name="withPriority" duration-ms="8" started-at="2011-05-26T14:44:27Z" description="Make sure priorities work even in parallel mode" finished-at="2011-05-26T14:44:27Z">
        </test-method>
      </class>
      <class name="test.listeners.ListenerInXmlTest">
        <test-method status="PASS" signature="listenerInXmlShouldBeInvoked()" name="listenerInXmlShouldBeInvoked" duration-ms="3" started-at="2011-05-26T14:44:21Z" description="Make sure that listeners defined in testng.xml are invoked" finished-at="2011-05-26T14:44:21Z">
        </test-method>
      </class>
      <class name="test.mannotation.MAnnotation2SampleTest">
        <test-method status="PASS" signature="verifyConfigurationGroupsInheritance()" name="verifyConfigurationGroupsInheritance" duration-ms="1" started-at="2011-05-26T14:44:21Z" finished-at="2011-05-26T14:44:21Z">
        </test-method>
        <test-method status="PASS" signature="init()" name="init" is-config="true" duration-ms="0" started-at="2011-05-26T14:44:21Z" finished-at="2011-05-26T14:44:21Z">
        </test-method>
        <test-method status="PASS" signature="verifyTestDependsOnGroupsInheritance()" name="verifyTestDependsOnGroupsInheritance" duration-ms="1" started-at="2011-05-26T14:44:21Z" finished-at="2011-05-26T14:44:21Z">
        </test-method>
        <test-method status="PASS" signature="verifyTestGroupsInheritance()" name="verifyTestGroupsInheritance" duration-ms="1" started-at="2011-05-26T14:44:21Z" finished-at="2011-05-26T14:44:21Z">
        </test-method>
        <test-method status="PASS" signature="verifyTestEnabledInheritance()" name="verifyTestEnabledInheritance" duration-ms="0" started-at="2011-05-26T14:44:21Z" finished-at="2011-05-26T14:44:21Z">
        </test-method>
        <test-method status="PASS" signature="verifyTestDependsOnMethodsInheritance()" name="verifyTestDependsOnMethodsInheritance" duration-ms="0" started-at="2011-05-26T14:44:21Z" finished-at="2011-05-26T14:44:21Z">
        </test-method>
      </class>
      <class name="test.CountTest">
        <test-method status="PASS" signature="skippedMethodsShouldBeCounted()" name="skippedMethodsShouldBeCounted" duration-ms="4" started-at="2011-05-26T14:44:20Z" description="Make sure that skipped methods are accurately counted" finished-at="2011-05-26T14:44:20Z">
        </test-method>
      </class>
      <class name="test.configuration.MethodCallOrderTest">
        <test-method status="PASS" signature="beforeMethod()" name="beforeMethod" is-config="true" duration-ms="0" started-at="2011-05-26T14:44:21Z" finished-at="2011-05-26T14:44:21Z">
        </test-method>
        <test-method status="PASS" signature="realTest()" name="realTest" duration-ms="0" started-at="2011-05-26T14:44:21Z" finished-at="2011-05-26T14:44:21Z">
        </test-method>
        <test-method status="PASS" signature="beforeClass()" name="beforeClass" is-config="true" duration-ms="0" started-at="2011-05-26T14:44:21Z" finished-at="2011-05-26T14:44:21Z">
        </test-method>
        <test-method status="PASS" signature="afterMethod()" name="afterMethod" is-config="true" duration-ms="0" started-at="2011-05-26T14:44:21Z" finished-at="2011-05-26T14:44:21Z">
        </test-method>
        <test-method status="PASS" signature="afterClass()" name="afterClass" is-config="true" duration-ms="0" started-at="2011-05-26T14:44:21Z" finished-at="2011-05-26T14:44:21Z">
        </test-method>
      </class>
      <class name="test.ReporterApiTest">
        <test-method status="PASS" signature="testApi()" name="testApi" duration-ms="0" started-at="2011-05-26T14:44:27Z" finished-at="2011-05-26T14:44:27Z">
        </test-method>
      </class>
      <class name="test.configuration.BeforeTestOrderingTest">
        <test-method status="PASS" signature="verifyBeforeTestOrdering()" name="verifyBeforeTestOrdering" duration-ms="20" started-at="2011-05-26T14:44:27Z" finished-at="2011-05-26T14:44:27Z">
        </test-method>
      </class>
      <class name="test.regression.BeforeTestFailingTest">
        <test-method status="PASS" signature="beforeTestFailingShouldCauseSkips()" name="beforeTestFailingShouldCauseSkips" duration-ms="7" started-at="2011-05-26T14:44:21Z" finished-at="2011-05-26T14:44:21Z">
        </test-method>
      </class>
      <class name="test.remote.RemoteTest">
        <test-method status="PASS" signature="testSerialized()" name="testSerialized" duration-ms="66" started-at="2011-05-26T14:44:27Z" finished-at="2011-05-26T14:44:27Z">
        </test-method>
        <test-method status="PASS" signature="testString()" name="testString" duration-ms="23" started-at="2011-05-26T14:44:27Z" finished-at="2011-05-26T14:44:27Z">
        </test-method>
      </class>
      <class name="test.sample.AfterClassCalledAtEnd">
        <test-method status="PASS" signature="before1Class()" name="before1Class" is-config="true" duration-ms="0" started-at="2011-05-26T14:44:21Z" finished-at="2011-05-26T14:44:21Z">
        </test-method>
        <test-method status="PASS" signature="test2()" name="test2" duration-ms="0" started-at="2011-05-26T14:44:21Z" finished-at="2011-05-26T14:44:21Z">
        </test-method>
        <test-method status="PASS" signature="test1()" name="test1" duration-ms="0" started-at="2011-05-26T14:44:21Z" description="Verify that beforeClass and afterClass are called correctly" finished-at="2011-05-26T14:44:21Z">
        </test-method>
        <test-method status="PASS" signature="baseAfterClass()" name="baseAfterClass" is-config="true" duration-ms="0" depends-on-groups=".*" started-at="2011-05-26T14:44:21Z" finished-at="2011-05-26T14:44:21Z">
        </test-method>
        <test-method status="PASS" signature="afterClass()" name="afterClass" is-config="true" duration-ms="0" started-at="2011-05-26T14:44:21Z" finished-at="2011-05-26T14:44:21Z">
        </test-method>
        <test-method status="PASS" signature="test3()" name="test3" duration-ms="0" started-at="2011-05-26T14:44:21Z" finished-at="2011-05-26T14:44:21Z">
        </test-method>
      </class>
      <class name="test.configuration.ReflectMethodParametrizedConfigurationMethodTest">
        <test-method status="PASS" signature="test1()" name="test1" duration-ms="0" started-at="2011-05-26T14:44:21Z" finished-at="2011-05-26T14:44:21Z">
        </test-method>
        <test-method status="PASS" signature="test2()" name="test2" duration-ms="0" started-at="2011-05-26T14:44:21Z" finished-at="2011-05-26T14:44:21Z">
        </test-method>
        <test-method status="PASS" signature="assertBeforeAfterMethodsInvocations()" name="assertBeforeAfterMethodsInvocations" is-config="true" duration-ms="0" started-at="2011-05-26T14:44:21Z" finished-at="2011-05-26T14:44:21Z">
        </test-method>
        <test-method status="PASS" signature="beforeMethod(java.lang.reflect.Method)" name="beforeMethod" is-config="true" duration-ms="0" started-at="2011-05-26T14:44:21Z" finished-at="2011-05-26T14:44:21Z">
          <params>
            <param index="0">
              <value>
                <![CDATA[public void test.configuration.ReflectMethodParametrizedConfigurationMethodTest.test2()]]>
              </value>
            </param>
          </params>
        </test-method>
        <test-method status="PASS" signature="afterMethod(java.lang.reflect.Method)" name="afterMethod" is-config="true" duration-ms="0" started-at="2011-05-26T14:44:21Z" finished-at="2011-05-26T14:44:21Z">
          <params>
            <param index="0">
              <value>
                <![CDATA[public void test.configuration.ReflectMethodParametrizedConfigurationMethodTest.test1()]]>
              </value>
            </param>
          </params>
        </test-method>
        <test-method status="PASS" signature="afterMethod(java.lang.reflect.Method)" name="afterMethod" is-config="true" duration-ms="0" started-at="2011-05-26T14:44:21Z" finished-at="2011-05-26T14:44:21Z">
          <params>
            <param index="0">
              <value>
                <![CDATA[public void test.configuration.ReflectMethodParametrizedConfigurationMethodTest.test2()]]>
              </value>
            </param>
          </params>
        </test-method>
        <test-method status="PASS" signature="beforeMethod(java.lang.reflect.Method)" name="beforeMethod" is-config="true" duration-ms="0" started-at="2011-05-26T14:44:21Z" finished-at="2011-05-26T14:44:21Z">
          <params>
            <param index="0">
              <value>
                <![CDATA[public void test.configuration.ReflectMethodParametrizedConfigurationMethodTest.test1()]]>
              </value>
            </param>
          </params>
        </test-method>
      </class>
      <class name="test.jar.JarTest">
        <test-method status="PASS" signature="jarWithoutTestngXml()" name="jarWithoutTestngXml" duration-ms="4" started-at="2011-05-26T14:44:21Z" finished-at="2011-05-26T14:44:21Z">
        </test-method>
        <test-method status="PASS" signature="jarWithTestngXml()" name="jarWithTestngXml" duration-ms="4" started-at="2011-05-26T14:44:21Z" finished-at="2011-05-26T14:44:21Z">
        </test-method>
        <test-method status="PASS" signature="jarWithTestngXmlOverriddenOnCommandLine()" name="jarWithTestngXmlOverriddenOnCommandLine" duration-ms="4" started-at="2011-05-26T14:44:21Z" finished-at="2011-05-26T14:44:21Z">
        </test-method>
      </class>
      <class name="test.invokedmethodlistener.InvokedMethodListenerTest">
        <test-method status="PASS" signature="sameMethodInvokedMultipleTimesShouldHaveDifferentTimeStamps()" name="sameMethodInvokedMultipleTimesShouldHaveDifferentTimeStamps" duration-ms="209" started-at="2011-05-26T14:44:21Z" finished-at="2011-05-26T14:44:21Z">
        </test-method>
        <test-method status="PASS" signature="testMethodsWithExpectedExceptionsShouldShowUpAsPass()" name="testMethodsWithExpectedExceptionsShouldShowUpAsPass" duration-ms="4" started-at="2011-05-26T14:44:21Z" description="Test methods with expected exceptions should show up as pass in IInvokedMethodListener&#039;s afterInvocaiton method" finished-at="2011-05-26T14:44:21Z">
        </test-method>
        <test-method status="PASS" signature="withFailure()" name="withFailure" duration-ms="6" started-at="2011-05-26T14:44:21Z" finished-at="2011-05-26T14:44:21Z">
        </test-method>
        <test-method status="PASS" signature="withSuccess()" name="withSuccess" duration-ms="5" started-at="2011-05-26T14:44:21Z" finished-at="2011-05-26T14:44:21Z">
        </test-method>
      </class>
      <class name="test.listeners.ResultEndMillisTest">
        <test-method status="PASS" signature="endMillisShouldBeNonNull()" name="endMillisShouldBeNonNull" duration-ms="11" started-at="2011-05-26T14:44:21Z" finished-at="2011-05-26T14:44:21Z">
        </test-method>
      </class>
      <class name="test.override.OverrideTest">
        <test-method status="PASS" signature="overrideIncludeAndExcludeShouldWork()" name="overrideIncludeAndExcludeShouldWork" duration-ms="63" started-at="2011-05-26T14:44:27Z" description="Override -groups and -excludegroups" finished-at="2011-05-26T14:44:27Z">
        </test-method>
        <test-method status="PASS" signature="overrideIncludeShouldWork()" name="overrideIncludeShouldWork" duration-ms="2" started-at="2011-05-26T14:44:27Z" description="Override -groups" finished-at="2011-05-26T14:44:27Z">
        </test-method>
        <test-method status="PASS" signature="overrideExcludeShouldWork()" name="overrideExcludeShouldWork" duration-ms="2" started-at="2011-05-26T14:44:27Z" description="Override -excludegroups" finished-at="2011-05-26T14:44:27Z">
        </test-method>
      </class>
      <class name="test.thread.ParallelSuiteTest">
        <test-method status="PASS" signature="suitesShouldRunInOrder()" name="suitesShouldRunInOrder" duration-ms="7" started-at="2011-05-26T14:44:24Z" description="If suiteThreadPoolSize and randomizeSuites are not specified suites should run in order specified in XML" finished-at="2011-05-26T14:44:24Z">
        </test-method>
        <test-method status="PASS" signature="suitesShouldRunInParallel5()" name="suitesShouldRunInParallel5" duration-ms="31" started-at="2011-05-26T14:44:24Z" finished-at="2011-05-26T14:44:24Z">
        </test-method>
        <test-method status="PASS" signature="suitesShouldRunInParallel6()" name="suitesShouldRunInParallel6" duration-ms="54" started-at="2011-05-26T14:44:24Z" description="Number of threads (2) is less than level of suites (3)" finished-at="2011-05-26T14:44:24Z">
        </test-method>
        <test-method status="PASS" signature="suitesShouldRunInParallel1()" name="suitesShouldRunInParallel1" duration-ms="52" started-at="2011-05-26T14:44:24Z" finished-at="2011-05-26T14:44:24Z">
        </test-method>
        <test-method status="PASS" signature="suitesShouldRunInParallel2()" name="suitesShouldRunInParallel2" duration-ms="11" started-at="2011-05-26T14:44:24Z" finished-at="2011-05-26T14:44:24Z">
        </test-method>
        <test-method status="PASS" signature="suitesShouldRunInParallel3()" name="suitesShouldRunInParallel3" duration-ms="10" started-at="2011-05-26T14:44:24Z" description="Number of threads (2) is less than number of suites (3)" finished-at="2011-05-26T14:44:24Z">
        </test-method>
        <test-method status="PASS" signature="suitesShouldRunInParallel4()" name="suitesShouldRunInParallel4" duration-ms="29" started-at="2011-05-26T14:44:24Z" finished-at="2011-05-26T14:44:25Z">
        </test-method>
        <test-method status="PASS" signature="suitesShouldRun1()" name="suitesShouldRun1" duration-ms="60" started-at="2011-05-26T14:44:25Z" description="Number of threads (1) is less than number of levels of suites (2)" finished-at="2011-05-26T14:44:25Z">
        </test-method>
      </class>
      <class name="test.annotationtransformer.AnnotationTransformerTest">
        <test-method status="PASS" signature="verifyConfigurationTransformer()" name="verifyConfigurationTransformer" duration-ms="11" started-at="2011-05-26T14:44:21Z" finished-at="2011-05-26T14:44:21Z">
        </test-method>
        <test-method status="PASS" signature="verifyAnnotationTransformerClass()" name="verifyAnnotationTransformerClass" duration-ms="2013" started-at="2011-05-26T14:44:21Z" finished-at="2011-05-26T14:44:23Z">
        </test-method>
        <test-method status="PASS" signature="verifyAnnotationTransformerMethod()" name="verifyAnnotationTransformerMethod" duration-ms="35" started-at="2011-05-26T14:44:23Z" finished-at="2011-05-26T14:44:23Z">
        </test-method>
        <test-method status="PASS" signature="verifyDataProviderTransformer()" name="verifyDataProviderTransformer" duration-ms="2" started-at="2011-05-26T14:44:23Z" finished-at="2011-05-26T14:44:23Z">
        </test-method>
        <test-method status="PASS" signature="verifyAnnotationWithoutTransformer()" name="verifyAnnotationWithoutTransformer" duration-ms="12" started-at="2011-05-26T14:44:23Z" finished-at="2011-05-26T14:44:23Z">
        </test-method>
        <test-method status="PASS" signature="verifyAnnotationTransformerClass2()" name="verifyAnnotationTransformerClass2" duration-ms="1018" started-at="2011-05-26T14:44:23Z" finished-at="2011-05-26T14:44:24Z">
        </test-method>
        <test-method status="PASS" signature="annotationTransformerInXmlShouldBeRun()" name="annotationTransformerInXmlShouldBeRun" duration-ms="3" started-at="2011-05-26T14:44:24Z" finished-at="2011-05-26T14:44:24Z">
        </test-method>
        <test-method status="PASS" signature="verifyFactoryTransformer()" name="verifyFactoryTransformer" duration-ms="3" started-at="2011-05-26T14:44:24Z" finished-at="2011-05-26T14:44:24Z">
        </test-method>
      </class>
      <class name="test.simple.IncludedExcludedTest">
        <test-method status="PASS" signature="init()" name="init" is-config="true" duration-ms="0" started-at="2011-05-26T14:44:21Z" finished-at="2011-05-26T14:44:21Z">
        </test-method>
        <test-method status="PASS" signature="verifyIncludedExcludedCount1()" name="verifyIncludedExcludedCount1" duration-ms="4" started-at="2011-05-26T14:44:21Z" description="First test method" finished-at="2011-05-26T14:44:21Z">
        </test-method>
        <test-method status="PASS" signature="verifyIncludedExcludedCount2()" name="verifyIncludedExcludedCount2" duration-ms="5" started-at="2011-05-26T14:44:21Z" description="Second test method" finished-at="2011-05-26T14:44:21Z">
        </test-method>
        <test-method status="PASS" signature="init()" name="init" is-config="true" duration-ms="0" started-at="2011-05-26T14:44:21Z" finished-at="2011-05-26T14:44:21Z">
        </test-method>
      </class>
      <class name="test.privatemethod.PrivateMethodTest$PrivateMethodInnerTest">
        <test-method status="PASS" signature="testPrivateMethod()" name="testPrivateMethod" duration-ms="0" started-at="2011-05-26T14:44:21Z" finished-at="2011-05-26T14:44:21Z">
        </test-method>
      </class>
      <class name="test.configuration.MultipleBeforeGroupTest">
        <test-method status="PASS" signature="test()" name="test" duration-ms="0" started-at="2011-05-26T14:44:20Z" finished-at="2011-05-26T14:44:20Z">
        </test-method>
        <test-method status="PASS" signature="beforeGroups()" name="beforeGroups" is-config="true" duration-ms="0" started-at="2011-05-26T14:44:20Z" finished-at="2011-05-26T14:44:20Z">
        </test-method>
        <test-method status="PASS" signature="verify()" name="verify" duration-ms="0" started-at="2011-05-26T14:44:20Z" depends-on-methods="test.configuration.MultipleBeforeGroupTest.test" finished-at="2011-05-26T14:44:20Z">
        </test-method>
      </class>
      <class name="test.listeners.EndMillisShouldNotBeZeroTest">
        <test-method status="PASS" signature="f1()" name="f1" duration-ms="1" started-at="2011-05-26T14:44:20Z" finished-at="2011-05-26T14:44:20Z">
        </test-method>
        <test-method status="PASS" signature="bm()" name="bm" is-config="true" duration-ms="0" started-at="2011-05-26T14:44:20Z" finished-at="2011-05-26T14:44:20Z">
        </test-method>
        <test-method status="PASS" signature="f2()" name="f2" duration-ms="0" started-at="2011-05-26T14:44:20Z" description="Make sure that ITestResult#getEndMillis is properly set" depends-on-methods="test.listeners.EndMillisShouldNotBeZeroTest.f1" finished-at="2011-05-26T14:44:20Z">
        </test-method>
      </class>
      <class name="test.NestedStaticTest">
        <test-method status="PASS" signature="nestedClassShouldBeIncluded()" name="nestedClassShouldBeIncluded" duration-ms="3" started-at="2011-05-26T14:44:20Z" finished-at="2011-05-26T14:44:20Z">
        </test-method>
      </class>
      <class name="test.verify.VerifyTest">
        <test-method status="PASS" signature="verifyWithAnnotation()" name="verifyWithAnnotation" duration-ms="9" started-at="2011-05-26T14:44:27Z" finished-at="2011-05-26T14:44:27Z">
        </test-method>
        <test-method status="PASS" signature="verifyBaseClassTestListener()" name="verifyBaseClassTestListener" duration-ms="1" started-at="2011-05-26T14:44:27Z" finished-at="2011-05-26T14:44:27Z">
        </test-method>
        <test-method status="PASS" signature="verifyWithoutAnnotation()" name="verifyWithoutAnnotation" duration-ms="2" started-at="2011-05-26T14:44:27Z" finished-at="2011-05-26T14:44:27Z">
        </test-method>
        <test-method status="PASS" signature="verifyTestListener()" name="verifyTestListener" duration-ms="2" started-at="2011-05-26T14:44:27Z" finished-at="2011-05-26T14:44:27Z">
        </test-method>
      </class>
      <class name="test.Test1">
        <test-method status="PASS" signature="regexp()" name="regexp" duration-ms="6" started-at="2011-05-26T14:44:21Z" finished-at="2011-05-26T14:44:21Z">
        </test-method>
        <test-method status="PASS" signature="methodSetUp()" name="methodSetUp" is-config="true" duration-ms="0" started-at="2011-05-26T14:44:21Z" finished-at="2011-05-26T14:44:21Z">
        </test-method>
        <test-method status="PASS" signature="methodSetUp()" name="methodSetUp" is-config="true" duration-ms="0" started-at="2011-05-26T14:44:21Z" finished-at="2011-05-26T14:44:21Z">
        </test-method>
        <test-method status="PASS" signature="excludedGroups()" name="excludedGroups" duration-ms="10" started-at="2011-05-26T14:44:21Z" finished-at="2011-05-26T14:44:21Z">
        </test-method>
        <test-method status="PASS" signature="methodSetUp()" name="methodSetUp" is-config="true" duration-ms="0" started-at="2011-05-26T14:44:21Z" finished-at="2011-05-26T14:44:21Z">
        </test-method>
        <test-method status="PASS" signature="groupsOfGroupsWithIndirections()" name="groupsOfGroupsWithIndirections" duration-ms="7" started-at="2011-05-26T14:44:21Z" finished-at="2011-05-26T14:44:21Z">
        </test-method>
        <test-method status="PASS" signature="groupsOfGroupsSimple()" name="groupsOfGroupsSimple" duration-ms="6" started-at="2011-05-26T14:44:21Z" finished-at="2011-05-26T14:44:21Z">
        </test-method>
        <test-method status="PASS" signature="methodSetUp()" name="methodSetUp" is-config="true" duration-ms="0" started-at="2011-05-26T14:44:21Z" finished-at="2011-05-26T14:44:21Z">
        </test-method>
        <test-method status="PASS" signature="methodSetUp()" name="methodSetUp" is-config="true" duration-ms="0" started-at="2011-05-26T14:44:21Z" finished-at="2011-05-26T14:44:21Z">
        </test-method>
        <test-method status="PASS" signature="logger()" name="logger" duration-ms="0" started-at="2011-05-26T14:44:21Z" finished-at="2011-05-26T14:44:21Z">
        </test-method>
        <test-method status="PASS" signature="includedGroups()" name="includedGroups" duration-ms="6" started-at="2011-05-26T14:44:21Z" finished-at="2011-05-26T14:44:21Z">
        </test-method>
        <test-method status="PASS" signature="methodSetUp()" name="methodSetUp" is-config="true" duration-ms="0" started-at="2011-05-26T14:44:21Z" finished-at="2011-05-26T14:44:21Z">
        </test-method>
        <test-method status="PASS" signature="methodSetUp()" name="methodSetUp" is-config="true" duration-ms="0" started-at="2011-05-26T14:44:21Z" finished-at="2011-05-26T14:44:21Z">
        </test-method>
        <test-method status="PASS" signature="groupsOfGroupsWithCycle()" name="groupsOfGroupsWithCycle" duration-ms="13" started-at="2011-05-26T14:44:21Z" finished-at="2011-05-26T14:44:21Z">
        </test-method>
      </class>
      <class name="test.listeners.ListenerTest">
        <test-method status="PASS" signature="bm()" name="bm" is-config="true" duration-ms="0" started-at="2011-05-26T14:44:21Z" finished-at="2011-05-26T14:44:21Z">
        </test-method>
        <test-method status="PASS" signature="aggregateListeners()" name="aggregateListeners" duration-ms="3" started-at="2011-05-26T14:44:21Z" description="Inherited @Listeners annotations should aggregate" finished-at="2011-05-26T14:44:21Z">
        </test-method>
        <test-method status="PASS" signature="bm()" name="bm" is-config="true" duration-ms="0" started-at="2011-05-26T14:44:21Z" finished-at="2011-05-26T14:44:21Z">
        </test-method>
        <test-method status="PASS" signature="failureBeforeAfterMethod()" name="failureBeforeAfterMethod" duration-ms="2" started-at="2011-05-26T14:44:21Z" description="TESTNG-400: onTestFailure should be called before @AfterMethod" finished-at="2011-05-26T14:44:21Z">
        </test-method>
        <test-method status="PASS" signature="bm()" name="bm" is-config="true" duration-ms="0" started-at="2011-05-26T14:44:21Z" finished-at="2011-05-26T14:44:21Z">
        </test-method>
        <test-method status="PASS" signature="listenerShouldBeCalledBeforeConfiguration()" name="listenerShouldBeCalledBeforeConfiguration" duration-ms="3" started-at="2011-05-26T14:44:21Z" description="Ensure that if a listener is present, we get test(), onSuccess(), afterMethod()" finished-at="2011-05-26T14:44:21Z">
        </test-method>
        <test-method status="PASS" signature="suiteListenersShouldWork()" name="suiteListenersShouldWork" duration-ms="2" started-at="2011-05-26T14:44:21Z" description="@Listeners with an ISuiteListener" finished-at="2011-05-26T14:44:21Z">
        </test-method>
        <test-method status="PASS" signature="bm()" name="bm" is-config="true" duration-ms="0" started-at="2011-05-26T14:44:21Z" finished-at="2011-05-26T14:44:21Z">
        </test-method>
      </class>
      <class name="test.xml.XmlVerifyTest">
        <test-method status="PASS" signature="handleInvalidSuites()" name="handleInvalidSuites" duration-ms="15" started-at="2011-05-26T14:44:21Z" description="Ensure that TestNG stops without running any tests if some class included in suite is missing" finished-at="2011-05-26T14:44:21Z">
        </test-method>
        <test-method status="PASS" signature="handleInvalidXml()" name="handleInvalidXml" duration-ms="1" started-at="2011-05-26T14:44:21Z" description="Checks to make sure that NPE is not thrown when &lt;test&gt; tag is missing" finished-at="2011-05-26T14:44:21Z">
          <exception class="org.testng.TestNGException">
            <message>
              <![CDATA[org.xml.sax.SAXException: Check the testng XML against schema. Expected <test> tag not found]]>
            </message>
            <full-stacktrace>
              <![CDATA[org.testng.TestNGException: org.xml.sax.SAXException: Check the testng XML against schema. Expected <test> tag not found
	at org.testng.TestNG.initializeSuitesAndJarFile(TestNG.java:316)
	at org.testng.TestNG.run(TestNG.java:882)
	at test.xml.XmlVerifyTest.handleInvalidXml(XmlVerifyTest.java:62)
	at sun.reflect.NativeMethodAccessorImpl.invoke0(Native Method)
	at sun.reflect.NativeMethodAccessorImpl.invoke(NativeMethodAccessorImpl.java:39)
	at sun.reflect.DelegatingMethodAccessorImpl.invoke(DelegatingMethodAccessorImpl.java:25)
	at java.lang.reflect.Method.invoke(Method.java:597)
	at org.testng.internal.MethodInvocationHelper.invokeMethod(MethodInvocationHelper.java:76)
	at org.testng.internal.Invoker.invokeMethod(Invoker.java:673)
	at org.testng.internal.Invoker.invokeTestMethod(Invoker.java:842)
	at org.testng.internal.Invoker.invokeTestMethods(Invoker.java:1166)
	at org.testng.internal.TestMethodWorker.invokeTestMethods(TestMethodWorker.java:125)
	at org.testng.internal.TestMethodWorker.run(TestMethodWorker.java:109)
	at org.testng.TestRunner.runWorkers(TestRunner.java:1150)
	at org.testng.TestRunner.privateRun(TestRunner.java:752)
	at org.testng.TestRunner.run(TestRunner.java:603)
	at org.testng.SuiteRunner.runTest(SuiteRunner.java:329)
	at org.testng.SuiteRunner.runSequentially(SuiteRunner.java:324)
	at org.testng.SuiteRunner.privateRun(SuiteRunner.java:286)
	at org.testng.SuiteRunner.run(SuiteRunner.java:235)
	at org.testng.SuiteRunnerWorker.runSuite(SuiteRunnerWorker.java:52)
	at org.testng.SuiteRunnerWorker.run(SuiteRunnerWorker.java:86)
	at org.testng.TestNG.runSuitesSequentially(TestNG.java:1049)
	at org.testng.TestNG.runSuitesLocally(TestNG.java:974)
	at org.testng.TestNG.run(TestNG.java:905)
	at org.apache.maven.surefire.testng.TestNGExecutor.run(TestNGExecutor.java:74)
	at org.apache.maven.surefire.testng.TestNGXmlTestSuite.execute(TestNGXmlTestSuite.java:93)
	at org.apache.maven.surefire.testng.TestNGProvider.invoke(TestNGProvider.java:101)
	at sun.reflect.NativeMethodAccessorImpl.invoke0(Native Method)
	at sun.reflect.NativeMethodAccessorImpl.invoke(NativeMethodAccessorImpl.java:39)
	at sun.reflect.DelegatingMethodAccessorImpl.invoke(DelegatingMethodAccessorImpl.java:25)
	at java.lang.reflect.Method.invoke(Method.java:597)
	at org.apache.maven.surefire.booter.ProviderFactory$ClassLoaderProxy.invoke(ProviderFactory.java:103)
	at $Proxy0.invoke(Unknown Source)
	at org.apache.maven.surefire.booter.SurefireStarter.invokeProvider(SurefireStarter.java:145)
	at org.apache.maven.surefire.booter.SurefireStarter.runSuitesInProcess(SurefireStarter.java:87)
	at org.apache.maven.surefire.booter.ForkedBooter.main(ForkedBooter.java:69)
Caused by: org.xml.sax.SAXException: Check the testng XML against schema. Expected <test> tag not found
	at org.testng.xml.TestNGContentHandler.xmlRun(TestNGContentHandler.java:448)
	at org.testng.xml.TestNGContentHandler.endElement(TestNGContentHandler.java:596)
	at com.sun.org.apache.xerces.internal.parsers.AbstractSAXParser.endElement(AbstractSAXParser.java:601)
	at com.sun.org.apache.xerces.internal.impl.XMLDocumentFragmentScannerImpl.scanEndElement(XMLDocumentFragmentScannerImpl.java:1782)
	at com.sun.org.apache.xerces.internal.impl.XMLDocumentFragmentScannerImpl$FragmentContentDriver.next(XMLDocumentFragmentScannerImpl.java:2938)
	at com.sun.org.apache.xerces.internal.impl.XMLDocumentScannerImpl.next(XMLDocumentScannerImpl.java:648)
	at com.sun.org.apache.xerces.internal.impl.XMLDocumentFragmentScannerImpl.scanDocument(XMLDocumentFragmentScannerImpl.java:511)
	at com.sun.org.apache.xerces.internal.parsers.XML11Configuration.parse(XML11Configuration.java:808)
	at com.sun.org.apache.xerces.internal.parsers.XML11Configuration.parse(XML11Configuration.java:737)
	at com.sun.org.apache.xerces.internal.parsers.XMLParser.parse(XMLParser.java:119)
	at com.sun.org.apache.xerces.internal.parsers.AbstractSAXParser.parse(AbstractSAXParser.java:1205)
	at com.sun.org.apache.xerces.internal.jaxp.SAXParserImpl$JAXPSAXParser.parse(SAXParserImpl.java:522)
	at javax.xml.parsers.SAXParser.parse(SAXParser.java:395)
	at javax.xml.parsers.SAXParser.parse(SAXParser.java:198)
	at org.testng.xml.SuiteXmlParser.parse(SuiteXmlParser.java:17)
	at org.testng.xml.SuiteXmlParser.parse(SuiteXmlParser.java:10)
	at org.testng.xml.Parser.parse(Parser.java:170)
	at org.testng.TestNG.initializeSuitesAndJarFile(TestNG.java:286)
	... 36 more
]]>
            </full-stacktrace>
          </exception>
        </test-method>
        <test-method status="PASS" signature="simple()" name="simple" duration-ms="0" started-at="2011-05-26T14:44:21Z" finished-at="2011-05-26T14:44:21Z">
        </test-method>
      </class>
      <class name="test.preserveorder.PreserveOrderTest">
        <test-method status="PASS" signature="orderShouldBePreservedWithDependencies()" name="orderShouldBePreservedWithDependencies" duration-ms="6" started-at="2011-05-26T14:44:21Z" finished-at="2011-05-26T14:44:21Z">
        </test-method>
        <test-method status="PASS" signature="preserveClassOrder()" name="preserveClassOrder" duration-ms="37" started-at="2011-05-26T14:44:21Z" finished-at="2011-05-26T14:44:21Z">
        </test-method>
        <test-method status="PASS" signature="preserveMethodOrder()" name="preserveMethodOrder" duration-ms="13" started-at="2011-05-26T14:44:21Z" finished-at="2011-05-26T14:44:21Z">
        </test-method>
        <test-method status="PASS" signature="preserveOrderAnna([Ljava.lang.String;, [Ljava.lang.String;)" name="preserveOrderAnna" duration-ms="4" started-at="2011-05-26T14:44:21Z" finished-at="2011-05-26T14:44:21Z">
          <params>
            <param index="0">
              <value>
                <![CDATA[[Ljava.lang.String;@77ed2061]]>
              </value>
            </param>
            <param index="1">
              <value>
                <![CDATA[[Ljava.lang.String;@70e8fdc9]]>
              </value>
            </param>
          </params>
        </test-method>
        <test-method status="PASS" signature="preserveOrderAnna([Ljava.lang.String;, [Ljava.lang.String;)" name="preserveOrderAnna" duration-ms="4" started-at="2011-05-26T14:44:21Z" finished-at="2011-05-26T14:44:21Z">
          <params>
            <param index="0">
              <value>
                <![CDATA[[Ljava.lang.String;@506dd108]]>
              </value>
            </param>
            <param index="1">
              <value>
                <![CDATA[[Ljava.lang.String;@59b68d78]]>
              </value>
            </param>
          </params>
        </test-method>
        <test-method status="PASS" signature="preserveOrderAnna([Ljava.lang.String;, [Ljava.lang.String;)" name="preserveOrderAnna" duration-ms="4" started-at="2011-05-26T14:44:21Z" finished-at="2011-05-26T14:44:21Z">
          <params>
            <param index="0">
              <value>
                <![CDATA[[Ljava.lang.String;@6001ef4b]]>
              </value>
            </param>
            <param index="1">
              <value>
                <![CDATA[[Ljava.lang.String;@1f05562b]]>
              </value>
            </param>
          </params>
        </test-method>
        <test-method status="PASS" signature="preserveOrderAnna([Ljava.lang.String;, [Ljava.lang.String;)" name="preserveOrderAnna" duration-ms="3" started-at="2011-05-26T14:44:21Z" finished-at="2011-05-26T14:44:21Z">
          <params>
            <param index="0">
              <value>
                <![CDATA[[Ljava.lang.String;@175c30f6]]>
              </value>
            </param>
            <param index="1">
              <value>
                <![CDATA[[Ljava.lang.String;@25927275]]>
              </value>
            </param>
          </params>
        </test-method>
        <test-method status="PASS" signature="preserveOrderAnna([Ljava.lang.String;, [Ljava.lang.String;)" name="preserveOrderAnna" duration-ms="4" started-at="2011-05-26T14:44:21Z" finished-at="2011-05-26T14:44:21Z">
          <params>
            <param index="0">
              <value>
                <![CDATA[[Ljava.lang.String;@31987298]]>
              </value>
            </param>
            <param index="1">
              <value>
                <![CDATA[[Ljava.lang.String;@f8b7298]]>
              </value>
            </param>
          </params>
        </test-method>
        <test-method status="PASS" signature="preserveOrderAnna([Ljava.lang.String;, [Ljava.lang.String;)" name="preserveOrderAnna" duration-ms="3" started-at="2011-05-26T14:44:21Z" finished-at="2011-05-26T14:44:21Z">
          <params>
            <param index="0">
              <value>
                <![CDATA[[Ljava.lang.String;@c106121]]>
              </value>
            </param>
            <param index="1">
              <value>
                <![CDATA[[Ljava.lang.String;@758c3b7]]>
              </value>
            </param>
          </params>
        </test-method>
      </class>
      <class name="test.thread.ThreadPoolSizeTest">
        <test-method status="PASS" signature="setUp()" name="setUp" is-config="true" duration-ms="0" started-at="2011-05-26T14:44:20Z" finished-at="2011-05-26T14:44:20Z">
        </test-method>
        <test-method status="PASS" signature="f1()" name="f1" duration-ms="0" started-at="2011-05-26T14:44:20Z" finished-at="2011-05-26T14:44:20Z">
        </test-method>
        <test-method status="PASS" signature="f1()" name="f1" duration-ms="0" started-at="2011-05-26T14:44:20Z" finished-at="2011-05-26T14:44:20Z">
        </test-method>
        <test-method status="PASS" signature="f1()" name="f1" duration-ms="0" started-at="2011-05-26T14:44:20Z" finished-at="2011-05-26T14:44:20Z">
        </test-method>
        <test-method status="PASS" signature="f1()" name="f1" duration-ms="0" started-at="2011-05-26T14:44:20Z" finished-at="2011-05-26T14:44:20Z">
        </test-method>
        <test-method status="PASS" signature="f1()" name="f1" duration-ms="0" started-at="2011-05-26T14:44:20Z" finished-at="2011-05-26T14:44:20Z">
        </test-method>
        <test-method status="PASS" signature="verify()" name="verify" duration-ms="0" started-at="2011-05-26T14:44:20Z" depends-on-methods="test.thread.ThreadPoolSizeTest.f1" finished-at="2011-05-26T14:44:20Z">
        </test-method>
      </class>
      <class name="test.DynamicGraphTest">
        <test-method status="PASS" signature="test8()" name="test8" duration-ms="0" started-at="2011-05-26T14:44:21Z" finished-at="2011-05-26T14:44:21Z">
        </test-method>
        <test-method status="PASS" signature="test2()" name="test2" duration-ms="0" started-at="2011-05-26T14:44:21Z" finished-at="2011-05-26T14:44:21Z">
        </test-method>
      </class>
      <class name="test.MapTest">
        <test-method status="PASS" signature="testMap()" name="testMap" duration-ms="1" started-at="2011-05-26T14:44:20Z" description="Make sure that arrays as map values work with assert" finished-at="2011-05-26T14:44:20Z">
        </test-method>
      </class>
      <class name="test.thread.DataProviderThreadPoolSizeTest">
        <test-method status="PASS" signature="shouldUseDefaultDataProviderThreadCount()" name="shouldUseDefaultDataProviderThreadCount" duration-ms="1019" started-at="2011-05-26T14:44:25Z" finished-at="2011-05-26T14:44:26Z">
        </test-method>
        <test-method status="PASS" signature="shouldNotUseThreadsIfNotUsingParallel()" name="shouldNotUseThreadsIfNotUsingParallel" duration-ms="26" started-at="2011-05-26T14:44:26Z" finished-at="2011-05-26T14:44:26Z">
        </test-method>
        <test-method status="PASS" signature="shouldUseSpecifiedDataProviderThreadCount()" name="shouldUseSpecifiedDataProviderThreadCount" duration-ms="1008" started-at="2011-05-26T14:44:26Z" finished-at="2011-05-26T14:44:27Z">
        </test-method>
      </class>
      <class name="test.testng285.TestNG285Test">
        <test-method status="PASS" signature="methodSetUp()" name="methodSetUp" is-config="true" duration-ms="0" started-at="2011-05-26T14:44:21Z" finished-at="2011-05-26T14:44:21Z">
        </test-method>
        <test-method status="PASS" signature="verifyBug()" name="verifyBug" duration-ms="7" started-at="2011-05-26T14:44:21Z" finished-at="2011-05-26T14:44:21Z">
        </test-method>
      </class>
      <class name="test.configuration.SuiteFactoryOnceTest">
        <test-method status="PASS" signature="suiteMethodsShouldOnlyRunOnce()" name="suiteMethodsShouldOnlyRunOnce" duration-ms="4" started-at="2011-05-26T14:44:21Z" finished-at="2011-05-26T14:44:21Z">
        </test-method>
      </class>
      <class name="test.conffailure.ConfigurationFailure">
        <test-method status="PASS" signature="beforeTestClassFails()" name="beforeTestClassFails" duration-ms="26" started-at="2011-05-26T14:44:20Z" finished-at="2011-05-26T14:44:20Z">
        </test-method>
        <test-method status="PASS" signature="beforeTestSuiteFails()" name="beforeTestSuiteFails" duration-ms="20" started-at="2011-05-26T14:44:20Z" finished-at="2011-05-26T14:44:20Z">
        </test-method>
      </class>
      <class name="test.ClassConfigurations">
        <test-method status="PASS" signature="beforeTestClass()" name="beforeTestClass" is-config="true" duration-ms="1" started-at="2011-05-26T14:44:20Z" finished-at="2011-05-26T14:44:20Z">
        </test-method>
        <test-method status="PASS" signature="testOne()" name="testOne" duration-ms="0" started-at="2011-05-26T14:44:20Z" finished-at="2011-05-26T14:44:20Z">
        </test-method>
        <test-method status="PASS" signature="testTwo()" name="testTwo" duration-ms="0" started-at="2011-05-26T14:44:20Z" finished-at="2011-05-26T14:44:20Z">
        </test-method>
[...]
	at org.testng.SuiteRunnerWorker.runSuite(SuiteRunnerWorker.java:52)
	at org.testng.SuiteRunnerWorker.run(SuiteRunnerWorker.java:86)
	at org.testng.TestNG.runSuitesSequentially(TestNG.java:1049)
	at org.testng.TestNG.runSuitesLocally(TestNG.java:974)
	at org.testng.TestNG.run(TestNG.java:905)
	at org.apache.maven.surefire.testng.TestNGExecutor.run(TestNGExecutor.java:74)
	at org.apache.maven.surefire.testng.TestNGXmlTestSuite.execute(TestNGXmlTestSuite.java:93)
	at org.apache.maven.surefire.testng.TestNGProvider.invoke(TestNGProvider.java:101)
	at sun.reflect.NativeMethodAccessorImpl.invoke0(Native Method)
	at sun.reflect.NativeMethodAccessorImpl.invoke(NativeMethodAccessorImpl.java:39)
	at sun.reflect.DelegatingMethodAccessorImpl.invoke(DelegatingMethodAccessorImpl.java:25)
	at java.lang.reflect.Method.invoke(Method.java:597)
	at org.apache.maven.surefire.booter.ProviderFactory$ClassLoaderProxy.invoke(ProviderFactory.java:103)
	at $Proxy0.invoke(Unknown Source)
	at org.apache.maven.surefire.booter.SurefireStarter.invokeProvider(SurefireStarter.java:145)
	at org.apache.maven.surefire.booter.SurefireStarter.runSuitesInProcess(SurefireStarter.java:87)
	at org.apache.maven.surefire.booter.ForkedBooter.main(ForkedBooter.java:69)
]]>
            </full-stacktrace>
          </exception>
        </test-method>
        <test-method status="PASS" signature="noOrderSuccess()" name="noOrderSuccess" duration-ms="1" started-at="2011-05-26T14:44:45Z" finished-at="2011-05-26T14:44:45Z">
        </test-method>
        <test-method status="PASS" signature="setsSuccess()" name="setsSuccess" duration-ms="0" started-at="2011-05-26T14:44:45Z" finished-at="2011-05-26T14:44:45Z">
        </test-method>
      </class>
    </test>
    <test name="Nopackage" duration-ms="14" started-at="2011-05-26T14:44:20Z" finished-at="2011-05-26T14:44:20Z">
      <class name="NoPackageTest">
        <test-method status="PASS" signature="test()" name="test" duration-ms="0" started-at="2011-05-26T14:44:20Z" finished-at="2011-05-26T14:44:20Z">
        </test-method>
        <test-method status="PASS" signature="after()" name="after" is-config="true" duration-ms="1" started-at="2011-05-26T14:44:20Z" finished-at="2011-05-26T14:44:20Z">
        </test-method>
      </class>
    </test>
    <test name="Test order invocation" duration-ms="21" started-at="2011-05-26T14:44:41Z" finished-at="2011-05-26T14:44:41Z">
      <class name="test.interleavedorder.InterleavedInvocationTest">
        <test-method status="PASS" signature="beforeTest()" name="beforeTest" is-config="true" duration-ms="0" started-at="2011-05-26T14:44:41Z" finished-at="2011-05-26T14:44:41Z">
        </test-method>
        <test-method status="PASS" signature="methodSetUp()" name="methodSetUp" is-config="true" duration-ms="1" started-at="2011-05-26T14:44:41Z" finished-at="2011-05-26T14:44:41Z">
        </test-method>
        <test-method status="PASS" signature="invocationOrder()" name="invocationOrder" duration-ms="20" started-at="2011-05-26T14:44:41Z" finished-at="2011-05-26T14:44:41Z">
        </test-method>
      </class>
    </test>
    <test name="Object factory" duration-ms="74" started-at="2011-05-26T14:44:41Z" finished-at="2011-05-26T14:44:41Z">
      <class name="test.objectfactory.CombinedTestAndObjectFactoryTest">
        <test-method status="PASS" signature="methodSetUp()" name="methodSetUp" is-config="true" duration-ms="0" started-at="2011-05-26T14:44:41Z" finished-at="2011-05-26T14:44:41Z">
        </test-method>
        <test-method status="PASS" signature="combinedTestAndObjectFactory()" name="combinedTestAndObjectFactory" duration-ms="3" started-at="2011-05-26T14:44:41Z" finished-at="2011-05-26T14:44:41Z">
        </test-method>
      </class>
      <class name="test.objectfactory.CustomFactoryTest">
        <test-method status="PASS" signature="factoryReceivesContext()" name="factoryReceivesContext" duration-ms="34" started-at="2011-05-26T14:44:41Z" finished-at="2011-05-26T14:44:41Z">
        </test-method>
        <test-method status="PASS" signature="resetCount()" name="resetCount" is-config="true" duration-ms="0" started-at="2011-05-26T14:44:41Z" finished-at="2011-05-26T14:44:41Z">
        </test-method>
        <test-method status="PASS" signature="setFactoryOnSuite()" name="setFactoryOnSuite" duration-ms="7" started-at="2011-05-26T14:44:41Z" finished-at="2011-05-26T14:44:41Z">
        </test-method>
        <test-method status="PASS" signature="resetCount()" name="resetCount" is-config="true" duration-ms="1" started-at="2011-05-26T14:44:41Z" finished-at="2011-05-26T14:44:41Z">
        </test-method>
        <test-method status="PASS" signature="setFactoryOnTestNG()" name="setFactoryOnTestNG" duration-ms="10" started-at="2011-05-26T14:44:41Z" finished-at="2011-05-26T14:44:41Z">
        </test-method>
        <test-method status="PASS" signature="resetCount()" name="resetCount" is-config="true" duration-ms="0" started-at="2011-05-26T14:44:41Z" finished-at="2011-05-26T14:44:41Z">
        </test-method>
        <test-method status="PASS" signature="setInvalidMethodFactoryByAnnotation()" name="setInvalidMethodFactoryByAnnotation" duration-ms="0" started-at="2011-05-26T14:44:41Z" finished-at="2011-05-26T14:44:41Z">
          <exception class="org.testng.TestNGException">
            <message>
              <![CDATA[
Return type of public java.lang.Object test.objectfactory.BadMethodFactoryFactory.create() is not IObjectFactory]]>
            </message>
            <full-stacktrace>
              <![CDATA[org.testng.TestNGException: 
Return type of public java.lang.Object test.objectfactory.BadMethodFactoryFactory.create() is not IObjectFactory
	at org.testng.internal.TestNGClassFinder.<init>(TestNGClassFinder.java:65)
	at org.testng.TestRunner.initMethods(TestRunner.java:397)
	at org.testng.TestRunner.init(TestRunner.java:228)
	at org.testng.TestRunner.init(TestRunner.java:198)
	at org.testng.TestRunner.<init>(TestRunner.java:147)
	at org.testng.SuiteRunner$DefaultTestRunnerFactory.newTestRunner(SuiteRunner.java:520)
	at org.testng.SuiteRunner.init(SuiteRunner.java:154)
	at org.testng.SuiteRunner.<init>(SuiteRunner.java:108)
	at org.testng.TestNG.createSuiteRunner(TestNG.java:1126)
	at org.testng.TestNG.createSuiteRunners(TestNG.java:1113)
	at org.testng.TestNG.runSuitesLocally(TestNG.java:965)
	at org.testng.TestNG.run(TestNG.java:905)
	at test.objectfactory.CustomFactoryTest.setInvalidMethodFactoryByAnnotation(CustomFactoryTest.java:67)
	at sun.reflect.NativeMethodAccessorImpl.invoke0(Native Method)
	at sun.reflect.NativeMethodAccessorImpl.invoke(NativeMethodAccessorImpl.java:39)
	at sun.reflect.DelegatingMethodAccessorImpl.invoke(DelegatingMethodAccessorImpl.java:25)
	at java.lang.reflect.Method.invoke(Method.java:597)
	at org.testng.internal.MethodInvocationHelper.invokeMethod(MethodInvocationHelper.java:76)
	at org.testng.internal.Invoker.invokeMethod(Invoker.java:673)
	at org.testng.internal.Invoker.invokeTestMethod(Invoker.java:842)
	at org.testng.internal.Invoker.invokeTestMethods(Invoker.java:1166)
	at org.testng.internal.TestMethodWorker.invokeTestMethods(TestMethodWorker.java:125)
	at org.testng.internal.TestMethodWorker.run(TestMethodWorker.java:109)
	at org.testng.TestRunner.runWorkers(TestRunner.java:1150)
	at org.testng.TestRunner.privateRun(TestRunner.java:752)
	at org.testng.TestRunner.run(TestRunner.java:603)
	at org.testng.SuiteRunner.runTest(SuiteRunner.java:329)
	at org.testng.SuiteRunner.runSequentially(SuiteRunner.java:324)
	at org.testng.SuiteRunner.privateRun(SuiteRunner.java:286)
	at org.testng.SuiteRunner.run(SuiteRunner.java:235)
	at org.testng.SuiteRunnerWorker.runSuite(SuiteRunnerWorker.java:52)
	at org.testng.SuiteRunnerWorker.run(SuiteRunnerWorker.java:86)
	at org.testng.TestNG.runSuitesSequentially(TestNG.java:1049)
	at org.testng.TestNG.runSuitesLocally(TestNG.java:974)
	at org.testng.TestNG.run(TestNG.java:905)
	at org.apache.maven.surefire.testng.TestNGExecutor.run(TestNGExecutor.java:74)
	at org.apache.maven.surefire.testng.TestNGXmlTestSuite.execute(TestNGXmlTestSuite.java:93)
	at org.apache.maven.surefire.testng.TestNGProvider.invoke(TestNGProvider.java:101)
	at sun.reflect.NativeMethodAccessorImpl.invoke0(Native Method)
	at sun.reflect.NativeMethodAccessorImpl.invoke(NativeMethodAccessorImpl.java:39)
	at sun.reflect.DelegatingMethodAccessorImpl.invoke(DelegatingMethodAccessorImpl.java:25)
	at java.lang.reflect.Method.invoke(Method.java:597)
	at org.apache.maven.surefire.booter.ProviderFactory$ClassLoaderProxy.invoke(ProviderFactory.java:103)
	at $Proxy0.invoke(Unknown Source)
	at org.apache.maven.surefire.booter.SurefireStarter.invokeProvider(SurefireStarter.java:145)
	at org.apache.maven.surefire.booter.SurefireStarter.runSuitesInProcess(SurefireStarter.java:87)
	at org.apache.maven.surefire.booter.ForkedBooter.main(ForkedBooter.java:69)
]]>
            </full-stacktrace>
          </exception>
        </test-method>
        <test-method status="PASS" signature="resetCount()" name="resetCount" is-config="true" duration-ms="0" started-at="2011-05-26T14:44:41Z" finished-at="2011-05-26T14:44:41Z">
        </test-method>
      </class>
      <class name="test.objectfactory.ObjectFactory2Test">
        <test-method status="PASS" signature="factoryOnSuiteShouldWork()" name="factoryOnSuiteShouldWork" duration-ms="8" started-at="2011-05-26T14:44:41Z" finished-at="2011-05-26T14:44:41Z">
        </test-method>
        <test-method status="PASS" signature="factoryOnTestNGShouldWork()" name="factoryOnTestNGShouldWork" duration-ms="8" started-at="2011-05-26T14:44:41Z" finished-at="2011-05-26T14:44:41Z">
        </test-method>
      </class>
    </test>
    <test name="BeforeMethod" duration-ms="6" started-at="2011-05-26T14:44:29Z" finished-at="2011-05-26T14:44:29Z">
      <class name="test.configuration.BeforeMethodTest">
        <test-method status="PASS" signature="before(java.lang.reflect.Method, org.testng.ITestContext)" name="before" is-config="true" duration-ms="0" started-at="2011-05-26T14:44:29Z" finished-at="2011-05-26T14:44:29Z">
          <params>
            <param index="0">
              <value>
                <![CDATA[public void test.configuration.BeforeMethodTest.mainTest()]]>
              </value>
            </param>
            <param index="1">
              <value>
                <![CDATA[org.testng.TestRunner@4965391b]]>
              </value>
            </param>
          </params>
        </test-method>
        <test-method status="PASS" signature="mainTest()" name="mainTest" duration-ms="0" started-at="2011-05-26T14:44:29Z" finished-at="2011-05-26T14:44:29Z">
        </test-method>
      </class>
    </test>
    <test name="Basic" duration-ms="5" started-at="2011-05-26T14:44:29Z" finished-at="2011-05-26T14:44:29Z">
      <class name="test.sample.Basic2">
        <test-method status="PASS" signature="basic2()" name="basic2" duration-ms="0" depends-on-groups="basic1" started-at="2011-05-26T14:44:29Z" finished-at="2011-05-26T14:44:29Z">
        </test-method>
        <test-method status="PASS" signature="checkTestAtClassLevelWasRun()" name="checkTestAtClassLevelWasRun" is-config="true" duration-ms="0" started-at="2011-05-26T14:44:29Z" finished-at="2011-05-26T14:44:29Z">
        </test-method>
        <test-method status="PASS" signature="cleanUp()" name="cleanUp" is-config="true" duration-ms="0" started-at="2011-05-26T14:44:29Z" finished-at="2011-05-26T14:44:29Z">
        </test-method>
      </class>
      <class name="test.sample.Basic1">
        <test-method status="PASS" signature="beforeTestMethod()" name="beforeTestMethod" is-config="true" duration-ms="0" started-at="2011-05-26T14:44:29Z" finished-at="2011-05-26T14:44:29Z">
        </test-method>
        <test-method status="PASS" signature="basic1()" name="basic1" duration-ms="0" started-at="2011-05-26T14:44:29Z" finished-at="2011-05-26T14:44:29Z">
        </test-method>
      </class>
      <class name="test.Misc">
        <test-method status="PASS" signature="methodSetUp()" name="methodSetUp" is-config="true" duration-ms="0" started-at="2011-05-26T14:44:29Z" finished-at="2011-05-26T14:44:29Z">
        </test-method>
        <test-method status="PASS" signature="makeSureSetUpWithParameterWithNoParametersFails()" name="makeSureSetUpWithParameterWithNoParametersFails" duration-ms="3" started-at="2011-05-26T14:44:29Z" finished-at="2011-05-26T14:44:29Z">
        </test-method>
      </class>
    </test>
    <test name="SkipExceptions" duration-ms="6" started-at="2011-05-26T14:44:44Z" finished-at="2011-05-26T14:44:44Z">
      <class name="test.skipex.SkippedExceptionTest">
        <test-method status="PASS" signature="skippedExceptionInConfigurationMethods()" name="skippedExceptionInConfigurationMethods" duration-ms="2" started-at="2011-05-26T14:44:44Z" finished-at="2011-05-26T14:44:44Z">
        </test-method>
        <test-method status="PASS" signature="skippedExceptionInTestMethods()" name="skippedExceptionInTestMethods" duration-ms="4" started-at="2011-05-26T14:44:44Z" finished-at="2011-05-26T14:44:44Z">
        </test-method>
      </class>
    </test>
    <test name="Test class groups 1" duration-ms="0" started-at="2011-05-26T14:44:29Z" finished-at="2011-05-26T14:44:29Z">
      <class name="test.classgroup.Second">
        <test-method status="PASS" signature="verify()" name="verify" duration-ms="0" depends-on-groups="first" started-at="2011-05-26T14:44:29Z" finished-at="2011-05-26T14:44:29Z">
        </test-method>
      </class>
      <class name="test.classgroup.First">
        <test-method status="PASS" signature="first1()" name="first1" duration-ms="0" started-at="2011-05-26T14:44:29Z" finished-at="2011-05-26T14:44:29Z">
        </test-method>
        <test-method status="PASS" signature="first2()" name="first2" duration-ms="0" started-at="2011-05-26T14:44:29Z" finished-at="2011-05-26T14:44:29Z">
        </test-method>
      </class>
    </test>
    <test name="UniqueSuite" duration-ms="15" started-at="2011-05-26T14:44:44Z" finished-at="2011-05-26T14:44:44Z">
      <class name="test.uniquesuite.TestBefore1">
        <test-method status="PASS" signature="verify()" name="verify" duration-ms="0" started-at="2011-05-26T14:44:44Z" finished-at="2011-05-26T14:44:44Z">
        </test-method>
      </class>
      <class name="test.uniquesuite.TestBefore2">
        <test-method status="PASS" signature="verify()" name="verify" duration-ms="0" started-at="2011-05-26T14:44:44Z" finished-at="2011-05-26T14:44:44Z">
        </test-method>
      </class>
      <class name="test.uniquesuite.TestAfter">
        <test-method status="PASS" signature="testAfter()" name="testAfter" duration-ms="14" started-at="2011-05-26T14:44:44Z" finished-at="2011-05-26T14:44:44Z">
        </test-method>
        <test-method status="PASS" signature="afterTest()" name="afterTest" is-config="true" duration-ms="0" started-at="2011-05-26T14:44:44Z" finished-at="2011-05-26T14:44:44Z">
        </test-method>
      </class>
    </test>
    <test name="TimeOut" duration-ms="11323" started-at="2011-05-26T14:44:29Z" finished-at="2011-05-26T14:44:41Z">
      <class name="test.timeout.TimeOutFromXmlTest">
        <test-method status="PASS" signature="noTimeOut()" name="noTimeOut" duration-ms="2005" started-at="2011-05-26T14:44:29Z" finished-at="2011-05-26T14:44:31Z">
        </test-method>
        <test-method status="PASS" signature="methodSetUp()" name="methodSetUp" is-config="true" duration-ms="0" started-at="2011-05-26T14:44:29Z" finished-at="2011-05-26T14:44:29Z">
        </test-method>
        <test-method status="PASS" signature="timeOutOnSuiteTag()" name="timeOutOnSuiteTag" duration-ms="1006" started-at="2011-05-26T14:44:31Z" finished-at="2011-05-26T14:44:32Z">
        </test-method>
        <test-method status="PASS" signature="methodSetUp()" name="methodSetUp" is-config="true" duration-ms="0" started-at="2011-05-26T14:44:31Z" finished-at="2011-05-26T14:44:31Z">
        </test-method>
        <test-method status="PASS" signature="methodSetUp()" name="methodSetUp" is-config="true" duration-ms="1" started-at="2011-05-26T14:44:32Z" finished-at="2011-05-26T14:44:32Z">
        </test-method>
        <test-method status="PASS" signature="timeOutOnTestTag()" name="timeOutOnTestTag" duration-ms="1005" started-at="2011-05-26T14:44:32Z" finished-at="2011-05-26T14:44:33Z">
        </test-method>
        <test-method status="PASS" signature="methodSetUp()" name="methodSetUp" is-config="true" duration-ms="0" started-at="2011-05-26T14:44:33Z" finished-at="2011-05-26T14:44:33Z">
        </test-method>
        <test-method status="PASS" signature="twoDifferentTests()" name="twoDifferentTests" duration-ms="3022" started-at="2011-05-26T14:44:33Z" finished-at="2011-05-26T14:44:36Z">
        </test-method>
      </class>
      <class name="test.timeout.TimeOutTest">
        <test-method status="PASS" signature="methodSetUp()" name="methodSetUp" is-config="true" duration-ms="0" started-at="2011-05-26T14:44:36Z" finished-at="2011-05-26T14:44:36Z">
        </test-method>
        <test-method status="PASS" signature="timeOutInNonParallel()" name="timeOutInNonParallel" duration-ms="1010" started-at="2011-05-26T14:44:36Z" finished-at="2011-05-26T14:44:37Z">
        </test-method>
        <test-method status="PASS" signature="timeOutInParallel()" name="timeOutInParallel" duration-ms="1015" started-at="2011-05-26T14:44:37Z" finished-at="2011-05-26T14:44:38Z">
        </test-method>
        <test-method status="PASS" signature="methodSetUp()" name="methodSetUp" is-config="true" duration-ms="0" started-at="2011-05-26T14:44:37Z" finished-at="2011-05-26T14:44:37Z">
        </test-method>
        <test-method status="PASS" signature="methodSetUp()" name="methodSetUp" is-config="true" duration-ms="0" started-at="2011-05-26T14:44:38Z" finished-at="2011-05-26T14:44:38Z">
        </test-method>
        <test-method status="PASS" signature="verifyInvocationTimeOut()" name="verifyInvocationTimeOut" duration-ms="2258" started-at="2011-05-26T14:44:38Z" finished-at="2011-05-26T14:44:41Z">
        </test-method>
      </class>
    </test>
    <test name="Test class groups 2" duration-ms="1" started-at="2011-05-26T14:44:29Z" finished-at="2011-05-26T14:44:29Z">
      <class name="test.classgroup.Second">
        <test-method status="PASS" signature="verify()" name="verify" duration-ms="0" depends-on-groups="first" started-at="2011-05-26T14:44:29Z" finished-at="2011-05-26T14:44:29Z">
        </test-method>
      </class>
      <class name="test.classgroup.First">
        <test-method status="PASS" signature="first1()" name="first1" duration-ms="0" started-at="2011-05-26T14:44:29Z" finished-at="2011-05-26T14:44:29Z">
        </test-method>
        <test-method status="PASS" signature="first2()" name="first2" duration-ms="0" started-at="2011-05-26T14:44:29Z" finished-at="2011-05-26T14:44:29Z">
        </test-method>
      </class>
    </test>
    <test name="CheckTrianglePost" duration-ms="0" started-at="2011-05-26T14:44:29Z" finished-at="2011-05-26T14:44:29Z">
      <class name="test.triangle.CheckCount">
        <test-method status="PASS" signature="testCheckCount(java.lang.String)" name="testCheckCount" duration-ms="0" started-at="2011-05-26T14:44:29Z" finished-at="2011-05-26T14:44:29Z">
          <params>
            <param index="0">
              <value>
                <![CDATA[2]]>
              </value>
            </param>
          </params>
        </test-method>
        <test-method status="PASS" signature="testCheckCountDeprecated(java.lang.String)" name="testCheckCountDeprecated" duration-ms="0" started-at="2011-05-26T14:44:29Z" finished-at="2011-05-26T14:44:29Z">
          <params>
            <param index="0">
              <value>
                <![CDATA[2]]>
              </value>
            </param>
          </params>
        </test-method>
      </class>
    </test>
  </suite>
</testng-results>
