<?xml version="1.0" encoding="UTF-8"?>
<testng-results skipped="0" failed="0" total="13" passed="13">
  <reporter-output>
  </reporter-output>
  <suite name="Tests::Suite" duration-ms="5151" started-at="2011-06-30T21:38:16Z" finished-at="2011-06-30T21:38:21Z">
    <groups>
    </groups>
    <test name="INST_NAME:Tests" duration-ms="5151" started-at="2011-06-30T21:38:16Z" finished-at="2011-06-30T21:38:21Z">
      <class name="testng.instancename.MyITestFactoryTest">
        <test-method status="PASS" signature="factoryTest1()" test-instance-name="FACTORY_VMFS" name="factoryTest1" duration-ms="1026" started-at="2011-06-30T21:38:18Z" finished-at="2011-06-30T21:38:19Z">
        </test-method>
        <test-method status="PASS" signature="factoryTest2()" test-instance-name="FACTORY_VMFS" name="factoryTest2" duration-ms="2" started-at="2011-06-30T21:38:19Z" finished-at="2011-06-30T21:38:19Z">
        </test-method>
        <test-method status="PASS" signature="factoryTest1()" test-instance-name="FACTORY_NFS" name="factoryTest1" duration-ms="1026" started-at="2011-06-30T21:38:19Z" finished-at="2011-06-30T21:38:20Z">
        </test-method>
        <test-method status="PASS" signature="factoryTest2()" test-instance-name="FACTORY_NFS" name="factoryTest2" duration-ms="2" started-at="2011-06-30T21:38:20Z" finished-at="2011-06-30T21:38:20Z">
        </test-method>
      </class>
      <class name="testng.instancename.MyFactoryTest">
        <test-method status="PASS" signature="factoryTest1()" name="factoryTest1" duration-ms="1031" started-at="2011-06-30T21:38:16Z" finished-at="2011-06-30T21:38:17Z">
        </test-method>
        <test-method status="PASS" signature="factoryTest2()" name="factoryTest2" duration-ms="0" started-at="2011-06-30T21:38:17Z" finished-at="2011-06-30T21:38:17Z">
        </test-method>
        <test-method status="PASS" signature="factoryTest1()" name="factoryTest1" duration-ms="1026" started-at="2011-06-30T21:38:17Z" finished-at="2011-06-30T21:38:18Z">
        </test-method>
        <test-method status="PASS" signature="factoryTest2()" name="factoryTest2" duration-ms="1" started-at="2011-06-30T21:38:18Z" finished-at="2011-06-30T21:38:18Z">
        </test-method>
      </class>
      <class name="testng.instancename.MyTestDP">
        <test-method status="PASS" signature="dpTest(java.lang.String)" name="dpTest" duration-ms="105" started-at="2011-06-30T21:38:20Z" finished-at="2011-06-30T21:38:20Z">
          <params>
            <param index="0">
              <value>
                <![CDATA[VMFS]]>
              </value>
            </param>
          </params>
        </test-method>
        <test-method status="PASS" signature="dpTest(java.lang.String)" name="dpTest" duration-ms="104" started-at="2011-06-30T21:38:20Z" finished-at="2011-06-30T21:38:20Z">
          <params>
            <param index="0">
              <value>
                <![CDATA[NFS]]>
              </value>
            </param>
          </params>
        </test-method>
        <test-method status="PASS" signature="nonDpTest()" name="nonDpTest" duration-ms="1" started-at="2011-06-30T21:38:21Z" finished-at="2011-06-30T21:38:21Z">
        </test-method>
      </class>
      <class name="testng.instancename.MyTest">
        <test-method status="PASS" signature="dpTest()" test-instance-name="MYTEST_TEST" name="MYTEST_TEST" duration-ms="5" started-at="2011-06-30T21:38:20Z" finished-at="2011-06-30T21:38:20Z">
        </test-method>
        <test-method status="PASS" signature="nonDpTest()" test-instance-name="MYTEST_TEST" name="MYTEST_TEST" duration-ms="1" started-at="2011-06-30T21:38:20Z" finished-at="2011-06-30T21:38:20Z">
        </test-method>
      </class>
    </test>
  </suite>
</testng-results>
